[tata] 16 GT rallies
[toto] 11 GT rallies
[lala] 7 GT rallies
[lulu] 9 GT rallies
[wawa] 5 GT rallies
[cece] 5 GT rallies
[cuco] 7 GT rallies
[rere] 5 GT rallies
[yeye] 7 GT rallies

=== POST-v1.3 PER-FIXTURE ===
fix      n_gt   correct    wrong  miss  abs
  tata    109   32 (29.4%)   55 (50.5%)   22    0
  toto     58   16 (27.6%)   37 (63.8%)    5    0
  lala     71   26 (36.6%)   37 (52.1%)    8    0
  lulu     37    1 ( 2.7%)   32 (86.5%)    4    0
  wawa     32    9 (28.1%)   14 (43.8%)    9    0
  cece     28    5 (17.9%)   20 (71.4%)    3    0
  cuco     48    0 ( 0.0%)   43 (89.6%)    5    0
  rere     36    8 (22.2%)   24 (66.7%)    4    0
  yeye     62    6 ( 9.7%)   51 (82.3%)    5    0

=== POST-v1.3 AGGREGATE (n=481) ===
correct:   103 (21.4%)
wrong:     313 (65.1%)
missing:    65 (13.5%)
abstain:     0 (0.0%)

=== DIFF vs 2026-04-24 BASELINE ===
metric               baseline  post-v1.3      delta
n_gt_actions              468        481        +13
correct                   205        103       -102
correct_rate            0.438      0.214     -0.224
wrong                     191        313       +122
wrong_cross_team          145          0       -145
wrong_same_team            44          0        -44
missing                    72         65         -7

=== PER-FIXTURE DIFF (correct_rate, post − baseline) ===
  cece   base=30.4%  post=17.9%  delta=-12.6%
  cuco   base=10.0%  post=0.0%  delta=-10.0%
  lala   base=36.6%  post=36.6%  delta=+0.0%
  lulu   base=10.8%  post=2.7%  delta=-8.1%
  rere   base=34.3%  post=22.2%  delta=-12.1%
  tata   base=70.4%  post=29.4%  delta=-41.0%
  toto   base=27.1%  post=27.6%  delta=+0.5%
  wawa   base=30.3%  post=28.1%  delta=-2.2%
  yeye   base=80.6%  post=9.7%  delta=-71.0%

Wrote: /Users/mario/Personal/Projects/RallyCut/analysis/reports/attribution_rebuild/post_v13_2026_05_11.json
