fixture   n_gt   correct   wrong_x   wrong_s   missing   unknown perm                  
----------------------------------------------------------------------------------------------------
tata       109  61 (56.0%)   8 ( 7.3%)   6 ( 5.5%)  28 (25.7%)   6       {1: 1, 2: 4, 3: 3, 4: 
toto        58   8 (13.8%)  20 (34.5%)  11 (19.0%)  18 (31.0%)   1       {1: 1, 2: 4, 3: 3, 4: 
lala        71  51 (71.8%)   5 ( 7.0%)   6 ( 8.5%)   7 ( 9.9%)   2       {1: 3, 2: 2, 3: 1, 4: 
lulu        37   1 ( 2.7%)  24 (64.9%)   6 (16.2%)   4 (10.8%)   2       {1: 1, 2: 2, 3: 3, 4: 
wawa        32  10 (31.2%)   1 ( 3.1%)   9 (28.1%)   8 (25.0%)   4       {1: 1, 2: 2, 3: 3, 4: 
cece        28   8 (28.6%)   6 (21.4%)   5 (17.9%)   3 (10.7%)   6       {1: 2, 2: 1, 3: 3, 4: 
cuco        48   0 ( 0.0%)  37 (77.1%)   0 ( 0.0%)   4 ( 8.3%)   7       {1: 2, 2: 1, 3: 4, 4: 
rere        36   8 (22.2%)   9 (25.0%)   2 ( 5.6%)   4 (11.1%)  13       no tracking GT        
yeye        62   5 ( 8.1%)  14 (22.6%)   7 (11.3%)   5 ( 8.1%)  31       no tracking GT        
----------------------------------------------------------------------------------------------------
TOTAL      481 152 (31.6%) 124 (25.8%)  52 (10.8%)  81 (16.8%)  72

=== AGGREGATE PERMUTED ATTRIBUTION (n=481) ===
  correct:        152 (31.6%)
  wrong_cross_team:  124 (25.8%)
  wrong_same_team:    52 (10.8%)
  missing:         81 (16.8%)
  unknown_team:    72 (15.0%)

Reference: 2026-04-15 baseline player_attr = 57.66% (DIRECT, no permutation).
Reference: 2026-04-24 attribution_bench baseline correct = 43.8% (DIRECT).
