Total GT blocks: 28

video    rally       gt_f  cand?    pred_as pred_f   prev_act  gap_to_attack   by-ny  pdist  p_top    p_h
---------------------------------------------------------------------------------------------------------
yaya     17a26488     245 VALIDATED     attack    241     attack              3  -0.275  0.233  0.561  0.155
yaya     ae617088     303 VALIDATED     attack    298     attack              4  -0.250  0.212  0.538  0.208
gigi     72c8229b     631 VALIDATED     attack    627     attack              5  -0.184  0.228  0.474  0.212
caco     cfc464a7     336 VALIDATED     attack    334     attack              2  -0.369  0.274  0.461  0.223
caco     9452ee5a     190 VALIDATED     attack    185     attack              3  -0.387  0.330  0.452  0.316
lolo     bb1c9802     235 VALIDATED     attack    229     attack              4  -0.332  0.281  0.518  0.240
tete     adca6b54     212 VALIDATED     attack    209     attack              2  -0.245  0.217  0.465  0.277
veve     4c27b635     265 VALIDATED     attack    265     attack              4  -0.168  0.227  0.452  0.259
yeye     2d3cb54b     509 VALIDATED     attack    507     attack              6  -0.322  0.278  0.568  0.129
wowo     2c9092e3     443 VALIDATED        dig    441     attack              3  -0.225  0.269  0.378  0.281
tata     db841666     223 VALIDATED     attack    217     attack              4  -0.308  0.286  0.513  0.308
pupu     e11fa028     176 VALIDATED     attack    170     attack              7  -0.258  0.319  0.449  0.297
pupu     e11fa028     386 VALIDATED     attack    383     attack              4  -0.240  0.236  0.479  0.103
moma     e1929103     202 VALIDATED     attack    192     attack              4  -0.306  0.314  0.397  0.229
moma     753a4ec7     201 VALIDATED     attack    192     attack              4  -0.292  0.329  0.372  0.324
moma     9bb60892     205 VALIDATED     attack    196     attack              1  -0.206  0.259  0.368  0.310
popo     c1052008     195 VALIDATED     attack    189     attack              5  -0.316  0.285  0.518  0.243
titi     21029e9f     194 VALIDATED     attack    195     attack              5  -0.283  0.227  0.575  0.132
titi     1e38daab     185 VALIDATED     attack    182     attack              3  -0.292  0.257  0.527  0.274
mimi     f3695225     211 VALIDATED     attack    207     attack              3  -0.306  0.247  0.477  0.209
rara     da366ddb     468 VALIDATED     attack    460     attack              5  -0.255  0.235  0.484  0.272
wiwi     67166481     493 NO_CAND          -     -1     attack             19  -0.198  0.282  0.346  0.308
wiwi     0f82a711     476 VALIDATED     attack    474     attack              4  -0.227  0.254  0.338  0.247
machi    032ec267     151 VALIDATED     attack    148     attack              3  -0.391  0.444  0.392  0.340
papa     047c5e5f     451 VALIDATED     attack    449     attack              3  -0.297  0.250  0.504  0.236
mechi    c56d4b01     122 VALIDATED    receive    116     attack              5  -0.310  0.368  0.473  0.359
match    e3348468     188 VALIDATED     attack    185     attack              3  -0.206  0.264  0.320  0.280
mech     6d5e04f4     176 VALIDATED     attack    169     attack              2  -0.366  0.433  0.342  0.323

=== Bucket summary ===
  misclassified_as_attack           25 (89.3%)
  misclassified_as_dig               1 (3.6%)
  no_candidate                       1 (3.6%)
  misclassified_as_receive           1 (3.6%)
  TOTAL                             28

=== Signal stats (across all GT blocks) ===
  Previous action is 'attack': 28/28 (100.0%)
  Nearest player within 0.10 of ball: 0/28
  Ball within 0.08 of net_y: 0/28
  Nearest player top above 0.35 (player jumping high): 4/28

Wrote reports/block_diagnostic.json
