Loading rallies with action GT...
  364 rallies across 68 videos
Loading default contact classifier...
  [1/68] 073cb11b: 25 pos + 5 hard + 50 rnd saved (67.0s)
  [2/68] 07fedbd4: 32 pos + 1 hard + 50 rnd saved (83.9s)
  [3/68] 0a383519: 45 pos + 6 hard + 94 rnd saved (220.7s)
  [4/68] 16458e78: 31 pos + 2 hard + 47 rnd saved (63.9s)
  [5/68] 1a5da176: 28 pos + 5 hard + 48 rnd saved (44.3s)
  [6/68] 1efa35cf: 12 pos + 1 hard + 17 rnd saved (19.5s)
  [7/68] 20c11175: 13 pos + 1 hard + 38 rnd saved (37.6s)
  [8/68] 211e2a4c: 88 pos + 6 hard + 128 rnd saved (87.2s)
  [9/68] 23a5f798: 7 pos + 0 hard + 7 rnd saved (10.7s)
  [10/68] 23b662ba: 3 pos + 2 hard + 11 rnd saved (13.4s)
  [11/68] 2b2d7786: 1 pos + 2 hard + 20 rnd saved (18.8s)
  [12/68] 2d105b7b: 24 pos + 0 hard + 35 rnd saved (58.7s)
  [13/68] 2e984c43: 70 pos + 4 hard + 80 rnd saved (101.0s)
  [14/68] 304df1bf: 57 pos + 5 hard + 72 rnd saved (117.7s)
  [15/68] 313c6c95: 30 pos + 7 hard + 68 rnd saved (100.0s)
  [16/68] 35ff869f: 7 pos + 1 hard + 12 rnd saved (21.0s)
  [17/68] 3ad271bd: 14 pos + 2 hard + 41 rnd saved (62.8s)
  [18/68] 43928971: 31 pos + 0 hard + 53 rnd saved (81.1s)
  [19/68] 44e89f6c: 41 pos + 1 hard + 102 rnd saved (126.5s)
  [20/68] 4cd680c7: 17 pos + 0 hard + 15 rnd saved (14.1s)
  [21/68] 4f2bd66a: 25 pos + 2 hard + 76 rnd saved (94.3s)
  [22/68] 56f2739d: 8 pos + 0 hard + 16 rnd saved (3.0s)
  [23/68] 5c641cfe: 21 pos + 0 hard + 39 rnd saved (50.7s)
  [24/68] 5c756c41: 33 pos + 1 hard + 50 rnd saved (66.9s)
  [25/68] 601d4a69: 38 pos + 2 hard + 64 rnd saved (91.0s)
  [26/68] 627c1add: 4 pos + 0 hard + 10 rnd saved (11.1s)
  [27/68] 635dcba2: 28 pos + 3 hard + 44 rnd saved (73.7s)
  [28/68] 6d2f646c: 31 pos + 0 hard + 39 rnd saved (55.7s)
  [29/68] 6f8ca447: 54 pos + 4 hard + 75 rnd saved (71.7s)
  [30/68] 70ab9d7f: 4 pos + 1 hard + 18 rnd saved (29.7s)
  [31/68] 7ba71fc4: 22 pos + 2 hard + 24 rnd saved (55.7s)
  [32/68] 7bc3ae8a: 31 pos + 3 hard + 50 rnd saved (84.7s)
  [33/68] 7c61e308: 13 pos + 0 hard + 20 rnd saved (27.5s)
  [34/68] 7d77980f: 70 pos + 3 hard + 85 rnd saved (106.0s)
  [35/68] 808a5618: 30 pos + 1 hard + 37 rnd saved (25.4s)
  [36/68] 840e8b6b: 16 pos + 1 hard + 19 rnd saved (25.1s)
  [37/68] 84e66e74: 32 pos + 2 hard + 52 rnd saved (81.5s)
  [38/68] 85108567: 9 pos + 2 hard + 9 rnd saved (10.8s)
  [39/68] 854bb250: 24 pos + 2 hard + 38 rnd saved (36.9s)
  [40/68] 90266c1d: 15 pos + 1 hard + 30 rnd saved (74.8s)
  [41/68] 9170269b: 13 pos + 1 hard + 20 rnd saved (41.8s)
  [42/68] 920ba69d: 8 pos + 0 hard + 11 rnd saved (19.2s)
  [43/68] 950fbe5d: 22 pos + 1 hard + 34 rnd saved (53.2s)
  [44/68] 9a6a9499: 28 pos + 2 hard + 47 rnd saved (73.2s)
  [45/68] 9e9a2327: 7 pos + 1 hard + 24 rnd saved (49.7s)
  [46/68] a5866029: 5 pos + 0 hard + 17 rnd saved (28.5s)
  [47/68] a7ee3d38: 12 pos + 0 hard + 22 rnd saved (24.2s)
  [48/68] a9f053a9: 21 pos + 3 hard + 42 rnd saved (23.2s)
  [49/68] ab2ccb1d: 16 pos + 2 hard + 30 rnd saved (32.0s)
  [50/68] ab4edcdc: 20 pos + 0 hard + 52 rnd saved (51.7s)
  [51/68] ae81fff5: 46 pos + 2 hard + 51 rnd saved (84.0s)
  [52/68] b026dc6c: 48 pos + 1 hard + 57 rnd saved (115.9s)
  [53/68] b03b461b: 29 pos + 1 hard + 46 rnd saved (89.4s)
  [54/68] b097dd2a: 24 pos + 2 hard + 30 rnd saved (48.8s)
  [55/68] b5fb0594: 53 pos + 5 hard + 70 rnd saved (90.2s)
  [56/68] bbd880f2: 18 pos + 2 hard + 40 rnd saved (54.1s)
  [57/68] beb70f61: 23 pos + 2 hard + 60 rnd saved (85.9s)
  [58/68] c6e4c876: 30 pos + 3 hard + 37 rnd saved (104.4s)
  [59/68] cb3b68f0: 15 pos + 1 hard + 30 rnd saved (53.8s)
  [60/68] ce4c67a1: 16 pos + 1 hard + 22 rnd saved (32.8s)
  [61/68] d07ce9e1: 28 pos + 3 hard + 54 rnd saved (38.9s)
  [62/68] d3486f0b: 39 pos + 1 hard + 39 rnd saved (110.0s)
  [63/68] d5a6932f: 50 pos + 4 hard + 66 rnd saved (124.6s)
  [64/68] dd042609: 27 pos + 5 hard + 56 rnd saved (90.7s)
  [65/68] eb693a6f: 26 pos + 4 hard + 67 rnd saved (80.8s)
  [66/68] edc81438: 6 pos + 1 hard + 13 rnd saved (33.8s)
  [67/68] fb83f876: 35 pos + 0 hard + 38 rnd saved (71.3s)
  [68/68] ff175026: 49 pos + 3 hard + 48 rnd saved (87.0s)

Done. 4836 samples total (1798 pos + 132 hard + 2906 rnd) across 68 videos in 
70.3 min
