==== Configuration: BASELINE (no flags) ====

############# 5c756c41 #############
OVERALL: 25/31 = 80.6%
Optimal permutation matcher_pid → gt_pid: {1: 1, 2: 2, 3: 3, 4: 4}
OVERALL: 25/31 = 80.6%
• QUALITY METRIC: permuted accuracy = 80.6% (25/31). User's labeling rule (2026-05-02) is internal consistency only, no canonical convention — so canonical label disagreement is NOT a defect. PERMUTED is the number that should hold or improve across changes.
• Direct == permuted (identity permutation). Matcher's blind-mode convention happens to align with GT labels on this video; nothing to read into it.
Residual mismatches AFTER permutation (6 of 31 samples) — these are the real identity-tracking errors:
(How many distinct matcher PIDs label each physical player across the whole video. 1 = stable; >1 = flicker / cross-rally inconsistency.)
  GT PID1: 2 distinct matcher PID(s) ([1, 3]) across 8 samples  ←
  GT PID2: 2 distinct matcher PID(s) ([2, 4]) across 8 samples  ←
  GT PID3: 2 distinct matcher PID(s) ([1, 3]) across 8 samples  ←
  GT PID4: 2 distinct matcher PID(s) ([2, 4]) across 7 samples  ←
AVERAGE distinct PIDs per GT player: 2.00 (1.00 = perfectly stable; ≥1.5 = significant flicker)

############# b5fb0594 #############
OVERALL: 19/39 = 48.7%
Optimal permutation matcher_pid → gt_pid: {1: 1, 2: 2, 3: 4, 4: 3}
OVERALL: 37/39 = 94.9%
• QUALITY METRIC: permuted accuracy = 94.9% (37/39). User's labeling rule (2026-05-02) is internal consistency only, no canonical convention — so canonical label disagreement is NOT a defect. PERMUTED is the number that should hold or improve across changes.
Residual mismatches AFTER permutation (2 of 39 samples) — these are the real identity-tracking errors:
(How many distinct matcher PIDs label each physical player across the whole video. 1 = stable; >1 = flicker / cross-rally inconsistency.)
  GT PID1: 2 distinct matcher PID(s) ([1, 3]) across 10 samples  ←
  GT PID2: 1 distinct matcher PID(s) ([2]) across 10 samples
  GT PID3: 1 distinct matcher PID(s) ([4]) across 9 samples
  GT PID4: 2 distinct matcher PID(s) ([1, 3]) across 10 samples  ←
AVERAGE distinct PIDs per GT player: 1.50 (1.00 = perfectly stable; ≥1.5 = significant flicker)

############# 854bb250 #############
OVERALL: 4/20 = 20.0%
Optimal permutation matcher_pid → gt_pid: {1: 2, 2: 4, 3: 3, 4: 1}
OVERALL: 17/20 = 85.0%
• QUALITY METRIC: permuted accuracy = 85.0% (17/20). User's labeling rule (2026-05-02) is internal consistency only, no canonical convention — so canonical label disagreement is NOT a defect. PERMUTED is the number that should hold or improve across changes.
Residual mismatches AFTER permutation (3 of 20 samples) — these are the real identity-tracking errors:
(How many distinct matcher PIDs label each physical player across the whole video. 1 = stable; >1 = flicker / cross-rally inconsistency.)
  GT PID1: 1 distinct matcher PID(s) ([4]) across 5 samples
  GT PID2: 2 distinct matcher PID(s) ([1, 3]) across 5 samples  ←
  GT PID3: 2 distinct matcher PID(s) ([3, 4]) across 5 samples  ←
  GT PID4: 2 distinct matcher PID(s) ([1, 2]) across 5 samples  ←
AVERAGE distinct PIDs per GT player: 1.75 (1.00 = perfectly stable; ≥1.5 = significant flicker)

############# 7d77980f #############
OVERALL: 35/69 = 50.7%
Optimal permutation matcher_pid → gt_pid: {1: 1, 2: 4, 3: 3, 4: 2}
OVERALL: 69/69 = 100.0%
• QUALITY METRIC: permuted accuracy = 100.0% (69/69). User's labeling rule (2026-05-02) is internal consistency only, no canonical convention — so canonical label disagreement is NOT a defect. PERMUTED is the number that should hold or improve across changes.
(How many distinct matcher PIDs label each physical player across the whole video. 1 = stable; >1 = flicker / cross-rally inconsistency.)
  GT PID1: 1 distinct matcher PID(s) ([1]) across 18 samples
  GT PID2: 1 distinct matcher PID(s) ([4]) across 17 samples
  GT PID3: 1 distinct matcher PID(s) ([3]) across 17 samples
  GT PID4: 1 distinct matcher PID(s) ([2]) across 17 samples
AVERAGE distinct PIDs per GT player: 1.00 (1.00 = perfectly stable; ≥1.5 = significant flicker)

==== Done. ====
