Loading GT rallies...
  364 rallies across 68 videos
Pre-computing features for all rallies...
  [25/364] (4s elapsed)
  [50/364] (6s elapsed)
  [75/364] (8s elapsed)
  [100/364] (9s elapsed)
  [125/364] (11s elapsed)
  [150/364] (13s elapsed)
  [175/364] (16s elapsed)
  [200/364] (18s elapsed)
  [225/364] (20s elapsed)
  [250/364] (22s elapsed)
  [275/364] (23s elapsed)
  [300/364] (27s elapsed)
  [325/364] (29s elapsed)
  [350/364] (31s elapsed)
  [364/364] (32s elapsed)
  364 rallies with features (32s)
Loaded transitions: 50 contexts
Running 68-fold A/B (baseline vs decoder overlay)...
  [1/68] 073cb11b (5r): F1 65.1%->65.1% acc 92.9%->100.0% (17s)
  [2/68] 07fedbd4 (7r): F1 90.1%->90.1% acc 100.0%->100.0% (17s)
  [3/68] 0a383519 (10r): F1 84.1%->84.1% acc 86.5%->97.3% (17s)
  [4/68] 16458e78 (7r): F1 89.5%->89.5% acc 82.4%->88.2% (17s)
  [5/68] 1a5da176 (5r): F1 80.0%->80.0% acc 100.0%->100.0% (17s)
  [6/68] 1efa35cf (3r): F1 81.5%->81.5% acc 100.0%->100.0% (16s)
  [7/68] 20c11175 (5r): F1 85.7%->85.7% acc 66.7%->72.2% (17s)
  [8/68] 211e2a4c (15r): F1 90.7%->90.7% acc 85.9%->87.2% (18s)
  [9/68] 23a5f798 (1r): F1 76.9%->76.9% acc 100.0%->100.0% (16s)
  [10/68] 23b662ba (2r): F1 92.3%->92.3% acc 100.0%->100.0% (16s)
  [11/68] 2b2d7786 (2r): F1 72.7%->72.7% acc 75.0%->75.0% (16s)
  [12/68] 2d105b7b (4r): F1 98.5%->98.5% acc 84.4%->87.5% (17s)
  [13/68] 2e984c43 (9r): F1 91.3%->91.3% acc 95.2%->93.7% (16s)
  [14/68] 304df1bf (9r): F1 93.1%->93.1% acc 90.7%->92.6% (16s)
  [15/68] 313c6c95 (8r): F1 84.2%->84.2% acc 96.9%->100.0% (16s)
  [16/68] 35ff869f (2r): F1 66.7%->66.7% acc 80.0%->80.0% (16s)
  [17/68] 3ad271bd (5r): F1 84.6%->84.6% acc 90.9%->90.9% (16s)
  [18/68] 43928971 (6r): F1 91.1%->91.1% acc 94.4%->94.4% (16s)
  [19/68] 44e89f6c (11r): F1 86.7%->86.7% acc 80.6%->88.9% (18s)
  [20/68] 4cd680c7 (3r): F1 94.1%->94.1% acc 100.0%->100.0% (17s)
  [21/68] 4f2bd66a (8r): F1 91.7%->91.7% acc 90.9%->100.0% (17s)
  [22/68] 56f2739d (2r): F1 100.0%->100.0% acc 100.0%->100.0% (17s)
  [23/68] 5c641cfe (5r): F1 79.2%->79.2% acc 100.0%->100.0% (17s)
  [24/68] 5c756c41 (5r): F1 61.8%->61.8% acc 82.4%->88.2% (18s)
  [25/68] 601d4a69 (11r): F1 86.1%->86.1% acc 91.2%->94.1% (17s)
  [26/68] 627c1add (1r): F1 85.7%->85.7% acc 100.0%->100.0% (17s)
  [27/68] 635dcba2 (6r): F1 87.7%->87.7% acc 92.0%->96.0% (16s)
  [28/68] 6d2f646c (5r): F1 87.3%->87.3% acc 96.8%->96.8% (17s)
  [29/68] 6f8ca447 (8r): F1 91.6%->91.6% acc 87.8%->93.9% (18s)
  [30/68] 70ab9d7f (2r): F1 50.0%->50.0% acc 100.0%->100.0% (17s)
  [31/68] 7ba71fc4 (3r): F1 81.8%->81.8% acc 94.4%->100.0% (16s)
  [32/68] 7bc3ae8a (7r): F1 93.3%->93.3% acc 96.4%->92.9% (16s)
  [33/68] 7c61e308 (2r): F1 81.8%->81.8% acc 100.0%->100.0% (16s)
  [34/68] 7d77980f (11r): F1 90.0%->90.0% acc 88.9%->88.9% (17s)
  [35/68] 808a5618 (4r): F1 94.9%->94.9% acc 100.0%->100.0% (17s)
  [36/68] 840e8b6b (2r): F1 88.9%->88.9% acc 100.0%->95.0% (16s)
  [37/68] 84e66e74 (6r): F1 92.0%->92.0% acc 82.6%->89.1% (16s)
  [38/68] 85108567 (2r): F1 62.5%->62.5% acc 60.0%->60.0% (16s)
  [39/68] 854bb250 (4r): F1 90.9%->90.9% acc 92.0%->100.0% (17s)
  [40/68] 90266c1d (3r): F1 88.9%->88.9% acc 100.0%->100.0% (16s)
  [41/68] 9170269b (2r): F1 93.8%->93.8% acc 100.0%->100.0% (17s)
  [42/68] 920ba69d (2r): F1 93.3%->93.3% acc 100.0%->100.0% (16s)
  [43/68] 950fbe5d (4r): F1 77.3%->77.3% acc 70.6%->82.4% (17s)
  [44/68] 9a6a9499 (6r): F1 98.5%->98.5% acc 96.9%->96.9% (16s)
  [45/68] 9e9a2327 (4r): F1 72.7%->72.7% acc 91.7%->91.7% (16s)
  [46/68] a5866029 (2r): F1 82.4%->82.4% acc 100.0%->100.0% (17s)
  [47/68] a7ee3d38 (3r): F1 82.8%->82.8% acc 100.0%->100.0% (16s)
  [48/68] a9f053a9 (5r): F1 88.4%->88.4% acc 94.7%->94.7% (17s)
  [49/68] ab2ccb1d (3r): F1 85.7%->85.7% acc 100.0%->100.0% (18s)
  [50/68] ab4edcdc (6r): F1 98.4%->98.4% acc 100.0%->100.0% (16s)
  [51/68] ae81fff5 (7r): F1 81.0%->81.0% acc 87.5%->90.6% (16s)
  [52/68] b026dc6c (10r): F1 88.9%->88.9% acc 87.5%->87.5% (18s)
  [53/68] b03b461b (6r): F1 89.6%->89.6% acc 93.3%->96.7% (17s)
  [54/68] b097dd2a (3r): F1 87.1%->87.1% acc 85.2%->92.6% (16s)
  [55/68] b5fb0594 (7r): F1 92.5%->92.5% acc 91.8%->93.9% (18s)
  [56/68] bbd880f2 (6r): F1 84.0%->84.0% acc 90.5%->90.5% (16s)
  [57/68] beb70f61 (7r): F1 90.9%->90.9% acc 100.0%->100.0% (16s)
  [58/68] c6e4c876 (5r): F1 92.5%->92.5% acc 96.8%->96.8% (17s)
  [59/68] cb3b68f0 (4r): F1 94.7%->94.7% acc 81.5%->81.5% (17s)
  [60/68] ce4c67a1 (4r): F1 96.8%->96.8% acc 100.0%->100.0% (16s)
  [61/68] d07ce9e1 (8r): F1 88.9%->88.9% acc 93.8%->96.9% (17s)
  [62/68] d3486f0b (5r): F1 89.7%->89.7% acc 77.1%->85.7% (16s)
  [63/68] d5a6932f (8r): F1 83.7%->83.7% acc 97.6%->97.6% (16s)
  [64/68] dd042609 (9r): F1 86.0%->86.0% acc 85.0%->95.0% (16s)
  [65/68] eb693a6f (7r): F1 88.9%->88.9% acc 86.5%->90.4% (16s)
  [66/68] edc81438 (2r): F1 87.5%->87.5% acc 100.0%->100.0% (16s)
  [67/68] fb83f876 (5r): F1 90.2%->90.2% acc 86.5%->94.6% (16s)
  [68/68] ff175026 (8r): F1 88.7%->88.7% acc 88.4%->90.7% (16s)

Completed 68 folds in 19.5 min
  Baseline: F1=87.95%  Acc=90.79%
  Overlay : F1=87.95%  Acc=93.43%
  Delta  : dF1=+0.00%  dAcc=+2.64%
  Folds where arms differ: 31/68

Verdict: PASS
Per-class F1 delta (overlay - baseline) 
┏━━━━━━━━━┳━━━━━━━━━┳━━━━━━━━━┳━━━━━━━━┓
┃ Class   ┃ Base F1 ┃ Over F1 ┃  Delta ┃
┡━━━━━━━━━╇━━━━━━━━━╇━━━━━━━━━╇━━━━━━━━┩
│ serve   │  71.60% │  74.53% │ +2.93% │
│ receive │  81.65% │  85.63% │ +3.98% │
│ set     │  85.50% │  87.92% │ +2.41% │
│ attack  │  88.20% │  89.21% │ +1.02% │
│ dig     │  67.68% │  69.87% │ +2.18% │
│ block   │  12.12% │   6.45% │ -5.67% │
└─────────┴─────────┴─────────┴────────┘

Markdown: reports/decoder_integration_2026_04_20.md
JSON: reports/decoder_integration_2026_04_20.json
