video  rally       #GT  BASE_pred  BASE_FN  BASE_FP  POST_pred  POST_FN  POST_FP recov  gate-rej  audit-rej
--------------------------------------------------------------------------------------------------------------
ruru   be3134ba      8          7        1        0          7        1        0     0         1          0
ruru   57a588b2      4          5        0        1          5        0        1     0         1          0
ruru   cc2b967b      5          5        0        0          5        0        0     0         0          0
ruru   3e61838c     11         11        1        1         11        1        1     0         3          0
ruru   3655eb69      7          7        6        6          7        6        6     0         0          0
ruru   9d5f5152     14         10        4        0         10        4        0     0         1          0
tata   8b0b9e13     18         18        0        0         18        0        0     0         3          0
tata   09553ef1      4          3        1        0          3        1        0     0         1          0
tata   ad7cccbf      8          8        0        0          8        0        0     0         0          0
tata   97c42190      5          5        0        0          5        0        0     0         0          0
tata   e50f127e      4          5        0        1          5        0        1     0         0          0
tata   30ffb876      1          0        1        0          0        1        0     0         0          0
tata   8c802c26      9          9        0        0          9        0        0     0         2          0
tata   724ead56      8          7        1        0          7        1        0     0         3          0
tata   03144243      7          7        0        0          7        0        0     0         3          0
tata   4bfafd6d      3          3        0        0          3        0        0     0         1          0
tata   db841666      5          4        1        0          4        1        0     0         0          0
vovo   38d9e796      5          6        0        1          6        0        1     0         0          0
vovo   55c2c6e5      7          7        1        1          7        1        1     0         3          0
vovo   e4a5349e     14         13        1        0         13        1        0     0         0          0
vovo   c039ef17      1          1        0        0          1        0        0     0         0          0
wuwu   37e14e1e      4          4        0        0          4        0        0     0         0          0
wuwu   fb7f9c23      4          3        2        1          3        2        1     0         1          0
wuwu   99a01ce4     11         11        1        1         11        1        1     0         0          0
wuwu   5e8af221      4          4        1        1          4        1        1     0         1          0
wawa   7094136a      5          4        3        2          4        3        2     0         3          0
wawa   8c49e480      8          5        5        2          5        5        2     0         2          0
wawa   fb6e37bf      5          3        2        0          3        2        0     0         1          0
wawa   7f0f540a     10         10        1        1         10        1        1     0         1          0
wawa   06c13117      5          3        2        0          3        2        0     0         0          0
--------------------------------------------------------------------------------------------------------------
BASE  : GT=204  Pred=188  FN=35  FP=19  F1=0.862
POST  : GT=204  Pred=188  FN=35  FP=19  F1=0.862
DELTA : recovered=0  gate-rej=31  audit-rej=0  FN: 35 -> 35 (+0)  FP: 19 -> 19 (+0)
