video    rally      gt_serve_f    dc@4    dc@6    dc@8   max_nonserve@6
--------------------------------------------------------------------------------
tutu     21266995           81   178.8   178.8   178.8            173.9
tutu     7a9aadfd          100     0.0     0.0     0.0              0.0
tutu     0585f707          154    15.4    15.4    15.4            153.8
tutu     b5724a69          116     0.0     0.0     0.0              0.0
gugu     fc53d8ef           75   168.9   168.9   168.9            179.3
yaya     de08f58e          121    21.4    21.4    21.4            178.5
yaya     193be78f          121    16.0    16.0    16.0            178.0
yaya     639daf33          144    32.9    32.9    32.9            176.9
yaya     ae617088           79     2.8     2.8     2.8            170.4
yoyo     740ffd88           85    21.8    21.8    21.8            178.9
yoyo     eb956886          163     7.8     7.8     7.8            180.0
yoyo     2eee878b           98   171.4   171.4   171.4            175.1
yoyo     9d24aa93           90   112.8   112.8   112.8            176.3
yoyo     f9327b6e          174   175.0   175.0   175.0            176.3
yoyo     e99733e3          103   171.7   171.7   171.7            171.0
yoyo     eb74d667           94    17.1    17.1    17.1            179.7
matttch  d724bbf0           61    11.0    11.0    11.0            179.4
matttch  17fa7f9c           50    72.8    72.8    72.8             78.6
caca     f0fdfcdb          248     4.7     4.7     4.7            179.6
gigi     72c8229b           92    23.2    23.2    23.2            180.0
gigi     df3de8ed          102     4.5     4.5     4.5            179.9
ruru     be3134ba          206   152.5   152.5   152.5            180.0
ruru     cc2b967b          224     0.0     0.0     0.0              0.0
ruru     3655eb69          143     0.0     0.0     0.0              0.0
muchi    d5b199ea           73   144.9   144.9   144.9            177.4
caco     5b23ee5f           51   178.6   178.6   178.6            178.8
caco     cfc464a7           54    10.6    10.6    10.6            174.2
caco     9452ee5a           37     0.0     0.0     0.0            173.6
yaya     67abc72e           68    15.2    15.2    15.2            177.8
yaya     8a542678           56    16.8    16.8    16.8            173.0
lili     e8c95aea           75    35.7    35.7    35.7            177.8
lili     a7b017cd           83    17.4    17.4    17.4            176.6
lili     b5a0c6b5           86    88.0    88.0    88.0             92.8
lili     bace791b           74   177.9   177.9   177.9            138.2
lili     15691670           75    23.4    23.4    23.4            160.6
lili     879a8cff           87     4.4     4.4     4.4            176.8
lolo     1f6a9b94           82    63.7    63.7    63.7            178.7
lolo     173a4a61          127    20.6    20.6    20.6            177.0
lolo     3151a902          137    34.7    34.7    34.7            162.5
lolo     059d1c87           88    19.5    19.5    19.5            179.5
lolo     8ce36875           40     0.0     0.0     7.7            155.1
lolo     bb1c9802          108     2.9     2.9     2.9            178.4
matchc   9501aa64           90    18.3    18.3    18.3            166.9
matchope bd77efd1           54   174.8   174.8   174.8            161.3
mame     27964520          102    37.5    37.5    37.5            179.1
mame     9c70e73a          121     7.3     7.3     7.3            180.0
tete     b4d9c787           61     0.0     0.0     0.0              0.0
tete     ca0ccd55           84     0.0     0.0     0.0              0.0
veve     7b5a6973           56     1.5     1.5     1.5            155.5
veve     8276604f           56     4.6     4.6     4.6            179.0
veve     cecb6ebf           28     2.5     2.5     2.5            176.9
veve     a51a6746           79    37.0    37.0    37.0            179.8
veve     24b025fa           65    13.2    13.2    13.2            179.0
gaga     d474b2ad          156     5.7     5.7     5.7            180.0
gaga     a11d3733           88     1.5     1.5     1.5            170.5
gaga     c9c9bdc2          121   179.2   179.2   179.2            179.2
gaga     19089729           87     0.0     0.0     0.0              0.0
gaga     a9bd5acb          110     0.5     0.5     0.5            159.7
lele     c4eb6810           84     1.3     1.3     1.3             26.9
lele     7ff96129           85    45.8    45.8    45.8            179.6
pipi     8500f776           73    29.1    29.1    29.1            173.1
pipi     75295533           56    11.3    11.3    11.3            171.7
pipi     89bd8f53           65    11.1    11.1    11.1            178.9
pipi     076cb0fe           55   152.0   152.0   152.0            172.0
dark     1f87460b           55     8.1     8.1     8.1            142.5
dark     a154c554           55    33.1    33.1    33.1             18.1
dark     cf4cdd43           43   156.4   156.4   156.4            176.9
lala     6a467cf6           75     2.1     2.1     2.1            179.5
lala     276985b8           76     2.4     2.4     2.4            177.5
lala     2eeb3ae6           92     1.3     1.3     1.3            122.3
michu    2dff5eeb           48   169.2   169.2   169.2            107.6
michu    e86152b7           51    13.0    13.0    13.0            175.6
wewe     0b8c1d2b          172     3.9     3.9     3.9            173.9
wewe     ecfed131          189    11.6    11.6    11.6            177.6
wewe     83790ce7          204    40.1    40.1    40.1            179.7
wewe     7a49d939          217     0.4     0.4     0.4            178.4
wewe     247ab722          273   152.7   152.7   152.7            179.2
yeye     df3ba73b          111   175.6   175.6   175.6            179.8
yeye     4c0f4c83           91     0.0     0.0     0.0              0.0
yeye     cbf17cce          104     1.9     1.9     1.9            173.9
yeye     721bb968          112     7.9     7.9     7.9            179.8
yeye     61f79c70          102     9.2     9.2     9.2            177.3
yeye     2d3cb54b           81     1.1     1.1     1.1              0.0
wowo     169292de          214    26.0    26.0    26.0            179.6
wowo     2c9092e3          184   125.9   125.9   125.9            177.0
pepe     fcbd34b5           66   166.1   166.1   166.1            155.8
matchop  0af554b5           53     0.0     0.0     0.0            178.5
tata     ad7cccbf           85     0.0     0.0     0.0              0.0
tata     97c42190           77     0.0     0.0     0.0            163.0
tata     e50f127e          117     2.2     2.2     2.2            178.1
tata     4bfafd6d           66     0.0     0.0     0.0            154.5
tata     db841666           86     0.0     0.0     0.0              0.0
rere     c7ef5f89          149   170.2   170.2   170.2            178.3
rere     184650b5          126   154.5   154.5   154.5            172.9
rere     7029ace1          116     0.0     0.0     0.0            150.9
rere     c036a173          116    13.1    13.1    13.1            176.7
cece     f978201e           57    14.2    14.2    14.2            178.7
cece     5c35e049           78     7.1     7.1     7.1            179.4
pupu     512f9467           49     3.5     3.5     3.5            178.6
pupu     f644387b           58    33.3    33.3    33.3            179.5
pupu     db3a3503           80   169.1   169.1   169.1            165.2
pupu     e11fa028           51     0.9     0.9     0.9            171.3
pupu     cc50cf7e           49    22.5    22.5    22.5            174.5
moma     fb8fd612           59     6.4     6.4     6.4            179.5
moma     753a4ec7           57     2.5     2.5     2.5            179.4
moma     9bb60892           91    22.4    22.4    22.4             18.5
popo     59f2a9a0           72    18.2    18.2    18.2            179.8
popo     7501a7b7           85    12.3    12.3    12.3            179.0
titi     42757e1a           48   160.9   160.9   160.9            131.4
titi     12b8ff15           20   135.8   135.8   135.8            121.5
titi     375405ff           51     0.0     0.0     0.0              0.0
titi     caa96651           56    12.9    12.9    12.9            168.4
titi     ce7b8505           40    15.6    15.6    15.6            155.0
titi     43b849ec           46     2.0     2.0     2.0             63.6
titi     414cff1b           36     0.0     0.0     0.0            179.6
vovo     38d9e796           99     1.4     1.4     1.4            175.7
vovo     e4a5349e          104     0.0     0.0     0.0              0.0
vovo     c039ef17          201     0.0     0.0     0.0              0.0
cici     ef07c839           85     5.5     5.5     5.5            178.3
cici     b4747e0d           89     8.1     8.1     8.1            169.2
cici     17b080fa          123     0.0     0.0     0.0            175.5
cici     aeffed7c          109   165.2   165.2   165.2            135.5
cici     34430b2e          139    53.0    53.0    53.0            157.4
cici     4f4e0a0a          120    23.6    23.6    23.6            156.9
lulu     14d9a87b          199   174.6   174.6   174.6            177.6
lulu     69df24f0          205     0.0     0.0     0.0            118.7
lulu     8da4f0dc          149     7.8     7.8     7.8            174.2
lulu     2adb9d80          241     0.0     0.0     0.0            175.5
lulu     69117837          174     3.2     3.2     3.2            179.7
lulu     55565c2b          175   175.8   175.8   175.8            179.9
mimi     b5d6f2e9           39     9.0     9.0     9.0            176.5
mimi     bbb22a1a           79     8.2     8.2     8.2            180.0
rara     c99fdd78          128     5.7     5.7     5.7            170.2
rara     8941e6e4           93    30.1    30.1    30.1            179.0
rara     1cf3ad14           54     0.0     0.0     0.0            179.0
rara     d36a8281          118     0.0     0.0     0.0              1.9
meme     ea02a014           77     1.6     1.6     1.6            179.0
meme     49582c29           43     4.4     4.4     4.4            178.5
meme     65c54107           77    10.1    10.1    10.1            180.0
meme     e5327806           49     7.4     7.4     7.4            107.2
meme     6bc59398           88    32.5    32.5    32.5            179.5
meme     d6dfef25           59   154.4   154.4   154.4            179.3
meme     11723e2b           93    14.4    14.4    14.4            168.4
matahtach cf33c17d           64     0.0     0.0     0.0            146.0
wiwi     5b486730          181     4.5     4.5     4.5            179.6
wiwi     8f008df7          186    12.2    12.2    12.2            174.6
wiwi     682130d2          241     3.6     3.6     3.6            179.8
wuwu     37e14e1e          158     6.1     6.1     6.1            179.7
wuwu     99a01ce4          161    41.1    41.1    41.1            179.1
wawa     06c13117          182     0.0     0.0     0.0              0.0
cucu     70e5834b           83    24.5    24.5    24.5            179.7
cucu     7d5fbfb2           98     0.0     0.0     0.0              0.0
cucu     24d00889           86     0.0     0.0     0.0              0.0
cucu     7265f3ea           88     0.0     0.0     0.0              0.0
cucu     7063ea7b           92     0.0     0.0     0.0              0.0
cucu     9e3ff9fe          119     0.0     0.0     0.0              0.0
toto     e5a1da4f           77   144.9   144.9   144.9            175.7
toto     66921886           74    23.6    23.6    23.6            173.3
roro     e35ccb8f          147    34.7    34.7    34.7            174.0
roro     75886ef9          158     0.1     0.1     0.1            178.2
roro     1a6e05d5          146    33.0    33.0    33.0            169.9
roro     c9fb06b6           70    19.1    19.1    19.1            163.9
papa     89c53e08           85     3.4     3.4     3.4            169.5
mama     87ce7bff           34   176.0   176.0   176.0            151.4
mama     696e302a           64    35.7    35.7    35.7            165.2
mama     7c7f0ba3           85     0.0     0.0     0.0            118.2
mechi    c56d4b01           55   167.1   167.1   167.1            178.5
match    e3348468           62     6.9     6.9     6.9            177.6
mochi    5d35c3bf           86    13.5    13.5    13.5            140.2
mochi    ac39ca88           64    19.9    19.9    19.9            177.8
mochi    39139435           75    62.0    62.0    62.0            174.3
mochi    89ac798c           86   111.5   111.5   111.5            179.9
mochi    7d9fde90           84   139.7   139.7   139.7            175.6
cuco     f127f3d5           85    12.8    12.8    12.8            178.3
cuco     d2995693          121    11.0    11.0    11.0            178.5
cuco     106e295e           85    47.9    47.9    47.9            170.8
vivi     0e6d2151          108     8.7     8.7     8.7            166.8
vava     9db9cb6b           61     1.6     1.6     1.6            179.3
vava     5f32d512           66     5.9     5.9     5.9            179.9
vava     6560f8a3           40   105.2   105.2   105.2             40.4
vava     64896fac           62    21.7    21.7    21.7            177.2
mumu     4c993a75           61   175.1   175.1   175.1            168.2
mumu     9c1c438b           56    29.1    29.1    29.1            178.5
mumu     f373c7c1           66     8.2     8.2     8.2            165.0
mumu     e7020bac           50   160.6   160.6   160.6            173.4
riri     9d443de0          109   159.6   159.6   159.6            177.5
riri     bc15bf77          129    86.5    86.5    86.5              0.0
riri     53ca3586          111     0.8     0.8     0.8             39.0
riri     8de78319          103   159.3   159.3   159.3            153.8
mech     3391198d           57     0.0     0.0     0.0            129.1
mech     b9b93b87           48   169.0   169.0   169.0            176.3
mech     0a95a5e8           57   153.3   153.3   153.3            161.1
macho    5e2e58fb           43     7.6     7.6     7.6            125.4
macho    c094b07f           40     4.5     4.5     4.5            179.3
--------------------------------------------------------------------------------
Serve direction-change @ window=6: min=0.0  median=12.3  max=179.2  n=194
Max non-serve dc in window @ window=6: min=0.0  median=175.5  max=180.0  n=194
Proposed BURST_THRESHOLD: 2.0 deg
