Fleet action F1 — beach_v11 GT, HIT_TOLERANCE=15 frames
================================================================================
video     rallies   #GT  #Pred  matched   FN   FP     F1
--------------------------------------------------------------------------------
caca            1     4      4        3    1    1  0.750
caco            3    22     21       20    2    1  0.930
cece            4    23     21       20    3    1  0.909
cici            6    33     32       31    2    1  0.954
cuco            5    40     36       35    5    1  0.921
cucu            7    26     28       25    1    3  0.926
dark            3    17     17       16    1    1  0.941
gaga            5    44     37       37    7    0  0.914
gigi            3    33     29       29    4    0  0.935
gugu            5    27     26       24    3    2  0.906
lala            6    53     51       50    3    1  0.962
lele            7    46     43       43    3    0  0.966
lili           10    48     45       44    4    1  0.946
lolo            8    49     49       46    3    3  0.939
lulu            8    25     26       24    1    2  0.941
machi           1     8      6        6    2    0  0.857
macho           2     8      9        8    0    1  0.941
mama            4    29     29       29    0    0  1.000
mame            4    20     19       17    3    2  0.872
matahtac        3    15     13       11    4    2  0.786
match           2    23     21       21    2    0  0.955
matchc          2    13      9        9    4    0  0.818
matchop         2     8      8        8    0    0  1.000
matchope        2     9     11        9    0    2  0.900
matttch         2     6      5        5    1    0  0.909
mech            5    34     34       33    1    1  0.971
mechi           2     9      5        5    4    0  0.714
meme            8    35     38       35    0    3  0.959
michu           2     8      8        8    0    0  1.000
mimi            5    25     25       24    1    1  0.960
mochi           7    36     34       33    3    1  0.943
moma            5    34     34       31    3    3  0.912
muchi           2    16     16       16    0    0  1.000
mumu            6    30     30       30    0    0  1.000
natch           3    15     15       14    1    1  0.933
papa            6    29     27       26    3    1  0.929
pepe            7    40     38       36    4    2  0.923
pipi            4    33     32       32    1    0  0.985
popo            6    35     34       34    1    0  0.986
pupu            5    36     35       34    2    1  0.958
rara            8    37     37       36    1    1  0.973
rere            4    30     28       28    2    0  0.966
riri           11    42     42       38    4    4  0.905
roro            5    23     24       20    3    4  0.851
ruru            6    49     51       48    1    3  0.960
tata           11    72     72       70    2    2  0.972
tete            8    51     49       44    7    5  0.880
titi            9    70     70       67    3    3  0.957
toto            6    28     31       26    2    5  0.881
tutu            9    47     47       45    2    2  0.957
vava            4    16     16       16    0    0  1.000
veve            6    39     39       35    4    4  0.897
vivi            3    15     16       14    1    2  0.903
vovo            4    27     29       23    4    6  0.821
vuvu            5    22     20       18    4    2  0.857
wawa            5    33     31       25    8    6  0.781
wewe           11    43     42       36    7    6  0.847
wiwi            8    54     54       50    4    4  0.926
wowo            3    17     18       15    2    3  0.857
wuwu            4    23     21       20    3    1  0.909
yaya            9    39     37       33    6    4  0.868
yeye            9    67     62       60    7    2  0.930
yiyi            2    14     12       12    2    0  0.923
yoyo           10    45     46       40    5    6  0.879
--------------------------------------------------------------------------------
TOTAL         338  1947   1894     1780  167  114  0.927

Fleet F1 (HIT_TOL=±15): 0.927
  Matched: 1780/1947 GT  (91.4%)
  Precision: 1780/1894 pred  (94.0%)
  FN: 167    FP: 114

Per-action-type breakdown:
  action       #GT   FN   FP  recall
  attack       530   23   17   0.957
  block         28   25    2   0.107
  dig          310   51   40   0.835
  receive      306   16   26   0.948
  serve        339   32   24   0.906
  set          434   20    5   0.954
