Found 820 rallies with ball positions
  [1/820] 37e14e1e: 4 contacts, 4 actions (1.1s)
  [2/820] 6e6c3f47: 1 contacts, 1 actions (1.1s)
  [3/820] fb7f9c23: 3 contacts, 4 actions (1.2s)
  [4/820] 99a01ce4: 10 contacts, 10 actions (1.3s)
  [5/820] 5e8af221: 4 contacts, 4 actions (1.4s)
  [6/820] 71c5d769: 1 contacts, 2 actions (1.4s)
  [7/820] a0b7e716: 6 contacts, 7 actions (1.6s)
  [8/820] 3bade516: 4 contacts, 5 actions (1.7s)
Rally 53931a05-d1df-4376-b132-a2264df4ac53: >3 contacts on near side (contact #4 at frame 423). Possible missed net crossing or wrong court_side.
  [9/820] 53931a05: 5 contacts, 5 actions (1.7s)
  [10/820] 1bfcbc4f: 1 contacts, 1 actions (1.8s)
  [11/820] 5d35c3bf: 14 contacts, 14 actions (1.9s)
  [12/820] ac39ca88: 2 contacts, 2 actions (1.9s)
Rally 39139435-78f0-4cc8-8ef1-5a5ed4ffe9fc: consecutive net-crossing actions at frame 269 (attack). Missing same-side contact between them.
  [13/820] 39139435: 5 contacts, 5 actions (1.9s)
Rally 675413bb-b582-4500-88bd-932450f2d42d: >3 contacts on near side (contact #4 at frame 190). Possible missed net crossing or wrong court_side.
Rally 675413bb-b582-4500-88bd-932450f2d42d: >3 contacts on near side (contact #5 at frame 217). Possible missed net crossing or wrong court_side.
  [14/820] 675413bb: 6 contacts, 6 actions (2.0s)
  [15/820] 89ac798c: 2 contacts, 2 actions (2.1s)
  [16/820] 7d9fde90: 4 contacts, 4 actions (2.1s)
  [17/820] 740ffd88: 7 contacts, 7 actions (2.2s)
Rally 0ab56722-74a3-4f74-8a25-83ad2a529a3c: >3 contacts on far side (contact #4 at frame 397). Possible missed net crossing or wrong court_side.
  [18/820] 0ab56722: 3 contacts, 4 actions (2.3s)
Rally 21a9b203-dc92-48dc-8f19-d94835e0e226: >3 contacts on near side (contact #4 at frame 343). Possible missed net crossing or wrong court_side.
Rally 21a9b203-dc92-48dc-8f19-d94835e0e226: >3 contacts on near side (contact #5 at frame 435). Possible missed net crossing or wrong court_side.
Rally 21a9b203-dc92-48dc-8f19-d94835e0e226: >3 contacts on near side (contact #6 at frame 506). Possible missed net crossing or wrong court_side.
Rally 21a9b203-dc92-48dc-8f19-d94835e0e226: >3 contacts on near side (contact #7 at frame 528). Possible missed net crossing or wrong court_side.
  [19/820] 21a9b203: 7 contacts, 7 actions (2.3s)
  [20/820] eb956886: 2 contacts, 2 actions (2.4s)
  [21/820] 2eee878b: 2 contacts, 2 actions (2.4s)
  [22/820] 9d24aa93: 4 contacts, 4 actions (2.5s)
  [23/820] f9327b6e: 3 contacts, 3 actions (2.5s)
  [24/820] e99733e3: 4 contacts, 4 actions (2.6s)
Rally 11942746-bb07-4232-9359-21314c98d55c: >3 contacts on far side (contact #4 at frame 338). Possible missed net crossing or wrong court_side.
  [25/820] 11942746: 6 contacts, 7 actions (2.7s)
Rally adf3e9c8-6dd9-4c97-8d71-32402e22bf0b: >3 contacts on near side (contact #4 at frame 477). Possible missed net crossing or wrong court_side.
Rally adf3e9c8-6dd9-4c97-8d71-32402e22bf0b: consecutive net-crossing actions at frame 477 (attack). Missing same-side contact between them.
  [26/820] adf3e9c8: 12 contacts, 12 actions (2.8s)
  [27/820] bbe1dcb5: 0 contacts, 0 actions (2.9s)
  [28/820] ab619576: 5 contacts, 6 actions (2.9s)
  [29/820] e574b4e2: 10 contacts, 11 actions (3.1s)
  [30/820] eb74d667: 4 contacts, 4 actions (3.1s)
  [31/820] bbfec392: 4 contacts, 4 actions (3.2s)
  [32/820] 5d363163: 2 contacts, 2 actions (3.2s)
  [33/820] 8c8664f9: 3 contacts, 4 actions (3.3s)
  [34/820] 81a39955: 4 contacts, 4 actions (3.3s)
Rally 21b0823a-5d5b-48e7-9009-77fcf0577f56: >3 contacts on near side (contact #4 at frame 494). Possible missed net crossing or wrong court_side.
  [35/820] 21b0823a: 8 contacts, 9 actions (3.4s)
  [36/820] cb93d5c7: 0 contacts, 0 actions (3.5s)
  [37/820] 008ad0e7: 5 contacts, 5 actions (3.6s)
  [38/820] d22e9db9: 1 contacts, 2 actions (3.7s)
  [39/820] fd36b2f1: 2 contacts, 3 actions (3.7s)
  [40/820] d53867e1: 1 contacts, 2 actions (3.8s)
Rally 8ec18b68-81fa-42a0-9075-ed4e08074587: >3 contacts on far side (contact #4 at frame 750). Possible missed net crossing or wrong court_side.
Rally 8ec18b68-81fa-42a0-9075-ed4e08074587: >3 contacts on far side (contact #4 at frame 1030). Possible missed net crossing or wrong court_side.
  [41/820] 8ec18b68: 9 contacts, 10 actions (3.9s)
  [42/820] d628d0ee: 1 contacts, 2 actions (4.0s)
  [43/820] afba25fd: 3 contacts, 3 actions (4.0s)
  [44/820] cae9aa1d: 0 contacts, 0 actions (4.0s)
  [45/820] a4f8ebb8: 2 contacts, 3 actions (4.1s)
  [46/820] e7425e6e: 7 contacts, 7 actions (4.2s)
  [47/820] 0a6711e5: 1 contacts, 2 actions (4.2s)
  [48/820] 5fac3ab7: 2 contacts, 3 actions (4.2s)
  [49/820] f66ee90a: 4 contacts, 4 actions (4.3s)
  [50/820] c6f510b1: 0 contacts, 0 actions (4.3s)
Rally e106738f-ada3-4458-8494-af20b5bd6605: >3 contacts on near side (contact #4 at frame 505). Possible missed net crossing or wrong court_side.
  [51/820] e106738f: 3 contacts, 4 actions (4.4s)
  [52/820] 1db5e757: 5 contacts, 5 actions (4.4s)
  [53/820] 794fa630: 5 contacts, 5 actions (4.5s)
  [54/820] 10dfa460: 4 contacts, 4 actions (4.6s)
Rally 6d3c0d79-a7e6-4e76-82a6-f55ba1e09aaf: >3 contacts on near side (contact #4 at frame 410). Possible missed net crossing or wrong court_side.
  [55/820] 6d3c0d79: 7 contacts, 7 actions (4.6s)
  [56/820] e2db8571: 9 contacts, 9 actions (4.7s)
  [57/820] a738f65f: 3 contacts, 4 actions (4.8s)
  [58/820] fcbd34b5: 1 contacts, 2 actions (4.8s)
  [59/820] 4ea1bfa2: 5 contacts, 5 actions (4.8s)
  [60/820] a43fb033: 3 contacts, 4 actions (4.9s)
Rally 6ed4d6fc-0246-45f8-a054-d1416558586b: >3 contacts on near side (contact #4 at frame 254). Possible missed net crossing or wrong court_side.
  [61/820] 6ed4d6fc: 7 contacts, 8 actions (4.9s)
  [62/820] 25edb83f: 8 contacts, 7 actions (5.0s)
  [63/820] 6391fb0e: 3 contacts, 4 actions (5.0s)
  [64/820] 5111160d: 3 contacts, 4 actions (5.1s)
  [65/820] fb8fd612: 10 contacts, 10 actions (5.2s)
  [66/820] 5447e090: 3 contacts, 4 actions (5.2s)
Rally e1929103-e952-4589-a317-b9ff1c526b0e: >3 contacts on near side (contact #4 at frame 231). Possible missed net crossing or wrong court_side.
  [67/820] e1929103: 5 contacts, 5 actions (5.3s)
Rally 753a4ec7-011e-4e3f-bf75-a5fefca02349: >3 contacts on near side (contact #4 at frame 192). Possible missed net crossing or wrong court_side.
  [68/820] 753a4ec7: 10 contacts, 10 actions (5.4s)
  [69/820] 9bb60892: 4 contacts, 4 actions (5.4s)
  [70/820] b0d36fa8: 3 contacts, 4 actions (5.5s)
  [71/820] 73581b32: 4 contacts, 4 actions (5.5s)
  [72/820] f1c7ec19: 0 contacts, 0 actions (5.5s)
  [73/820] 26ad03e7: 0 contacts, 0 actions (5.5s)
  [74/820] de5f7d3a: 1 contacts, 2 actions (5.6s)
  [75/820] 349bbee9: 2 contacts, 3 actions (5.6s)
  [76/820] 4d0824f7: 4 contacts, 4 actions (5.6s)
  [77/820] 6befbea3: 4 contacts, 4 actions (5.7s)
Rally cf33c17d-7e25-43a4-9503-4d7b072662a6: >3 contacts on near side (contact #4 at frame 206). Possible missed net crossing or wrong court_side.
  [78/820] cf33c17d: 7 contacts, 7 actions (5.7s)
  [79/820] a9dadee9: 1 contacts, 1 actions (5.8s)
  [80/820] 846b7c5f: 1 contacts, 1 actions (5.8s)
  [81/820] a0e3078f: 5 contacts, 5 actions (5.8s)
  [82/820] 6836c3a3: 0 contacts, 0 actions (5.8s)
  [83/820] ff1569b4: 4 contacts, 5 actions (5.9s)
  [84/820] 395bb169: 1 contacts, 1 actions (5.9s)
  [85/820] 01bb69cb: 2 contacts, 3 actions (5.9s)
  [86/820] 86c9106d: 6 contacts, 7 actions (6.0s)
  [87/820] 2391489e: 4 contacts, 5 actions (6.1s)
  [88/820] 4549a879: 4 contacts, 4 actions (6.1s)
  [89/820] e25858c4: 1 contacts, 1 actions (6.2s)
  [90/820] 499c4ec8: 2 contacts, 3 actions (6.2s)
Rally 5b1dd4cc-50cd-4610-9a6b-3890e3f3655d: >3 contacts on far side (contact #4 at frame 463). Possible missed net crossing or wrong court_side.
Rally 5b1dd4cc-50cd-4610-9a6b-3890e3f3655d: >3 contacts on far side (contact #5 at frame 552). Possible missed net crossing or wrong court_side.
  [91/820] 5b1dd4cc: 4 contacts, 5 actions (6.3s)
  [92/820] 0102cbba: 4 contacts, 4 actions (6.4s)
Rally ac84c527-9d95-4512-9b6f-8aa965bb7152: >3 contacts on far side (contact #4 at frame 251). Possible missed net crossing or wrong court_side.
  [93/820] ac84c527: 10 contacts, 10 actions (6.5s)
  [94/820] 04f2a97f: 5 contacts, 5 actions (6.6s)
  [95/820] 028f8384: 9 contacts, 9 actions (6.7s)
  [96/820] 2ae99d01: 4 contacts, 4 actions (6.7s)
  [97/820] 30707f69: 9 contacts, 9 actions (6.8s)
  [98/820] c30c9fc9: 4 contacts, 4 actions (6.8s)
  [99/820] 58460f5f: 5 contacts, 5 actions (6.9s)
  [100/820] 3cd2782c: 10 contacts, 10 actions (7.0s)
  [101/820] d1faa2b4: 4 contacts, 4 actions (7.0s)
  [102/820] 49c2cce5: 4 contacts, 4 actions (7.1s)
Rally 6737d3fc-013d-45c7-867c-2f21012b85df: >3 contacts on far side (contact #4 at frame 287). Possible missed net crossing or wrong court_side.
  [103/820] 6737d3fc: 5 contacts, 5 actions (7.1s)
  [104/820] c09147c3: 3 contacts, 4 actions (7.1s)
  [105/820] 6618acda: 4 contacts, 4 actions (7.2s)
  [106/820] 06bafb49: 7 contacts, 7 actions (7.3s)
Rally 032ec267-066a-4332-8c5b-5d8066d41ac2: >3 contacts on far side (contact #4 at frame 189). Possible missed net crossing or wrong court_side.
Rally 032ec267-066a-4332-8c5b-5d8066d41ac2: >3 contacts on far side (contact #5 at frame 228). Possible missed net crossing or wrong court_side.
  [107/820] 032ec267: 6 contacts, 6 actions (7.3s)
  [108/820] 31dd11a6: 0 contacts, 0 actions (7.3s)
  [109/820] f406f4b3: 2 contacts, 2 actions (7.3s)
  [110/820] aec3fc7d: 4 contacts, 4 actions (7.4s)
Rally d724bbf0-bd0c-44e8-93d5-135aa07df5a1: >3 contacts on far side (contact #4 at frame 198). Possible missed net crossing or wrong court_side.
Rally d724bbf0-bd0c-44e8-93d5-135aa07df5a1: >3 contacts on far side (contact #5 at frame 226). Possible missed net crossing or wrong court_side.
  [111/820] d724bbf0: 6 contacts, 6 actions (7.4s)
  [112/820] 17fa7f9c: 0 contacts, 0 actions (7.4s)
Rally 714194e6-06fc-414b-a688-ffb091070e6b: >3 contacts on far side (contact #4 at frame 264). Possible missed net crossing or wrong court_side.
  [113/820] 714194e6: 6 contacts, 7 actions (7.5s)
Rally d7df73b1-b1eb-4593-8bd5-fd4eb9e08d80: >3 contacts on far side (contact #4 at frame 240). Possible missed net crossing or wrong court_side.
Rally d7df73b1-b1eb-4593-8bd5-fd4eb9e08d80: >3 contacts on far side (contact #5 at frame 288). Possible missed net crossing or wrong court_side.
Rally d7df73b1-b1eb-4593-8bd5-fd4eb9e08d80: >3 contacts on far side (contact #6 at frame 308). Possible missed net crossing or wrong court_side.
  [114/820] d7df73b1: 9 contacts, 10 actions (7.6s)
Rally 2b114a5c-3255-49ab-aae6-6533512edfed: >3 contacts on far side (contact #4 at frame 191). Possible missed net crossing or wrong court_side.
Rally 2b114a5c-3255-49ab-aae6-6533512edfed: >3 contacts on far side (contact #5 at frame 237). Possible missed net crossing or wrong court_side.
Rally 2b114a5c-3255-49ab-aae6-6533512edfed: >3 contacts on far side (contact #6 at frame 281). Possible missed net crossing or wrong court_side.
  [115/820] 2b114a5c: 7 contacts, 6 actions (7.7s)
  [116/820] 737842f1: 0 contacts, 0 actions (7.7s)
  [117/820] fbdb44b1: 3 contacts, 4 actions (7.7s)
  [118/820] 9c6fce48: 0 contacts, 0 actions (7.7s)
Rally 8d3205ed-b0dc-4c0c-bc24-fda34554e45f: >3 contacts on far side (contact #4 at frame 296). Possible missed net crossing or wrong court_side.
  [119/820] 8d3205ed: 8 contacts, 9 actions (7.8s)
Rally 4b7ad71f-8935-4cfe-9046-92245f7eca05: >3 contacts on far side (contact #4 at frame 606). Possible missed net crossing or wrong court_side.
Rally 4b7ad71f-8935-4cfe-9046-92245f7eca05: >3 contacts on far side (contact #5 at frame 699). Possible missed net crossing or wrong court_side.
  [120/820] 4b7ad71f: 8 contacts, 8 actions (7.9s)
  [121/820] eaaa5305: 3 contacts, 3 actions (8.0s)
  [122/820] 67d8172f: 2 contacts, 3 actions (8.0s)
  [123/820] 44a7db23: 5 contacts, 6 actions (8.1s)
Rally 227cf416-f217-4226-a9c6-f70d721ae8f4: >3 contacts on far side (contact #4 at frame 389). Possible missed net crossing or wrong court_side.
  [124/820] 227cf416: 5 contacts, 5 actions (8.1s)
Rally 6f4f930f-42fe-493e-a006-5dfbfee33856: >3 contacts on far side (contact #4 at frame 524). Possible missed net crossing or wrong court_side.
Rally 6f4f930f-42fe-493e-a006-5dfbfee33856: >3 contacts on far side (contact #5 at frame 629). Possible missed net crossing or wrong court_side.
  [125/820] 6f4f930f: 5 contacts, 6 actions (8.2s)
  [126/820] 1e88199d: 4 contacts, 5 actions (8.3s)
  [127/820] 16a083a5: 3 contacts, 4 actions (8.3s)
  [128/820] da8c9da3: 0 contacts, 0 actions (8.3s)
  [129/820] 31cf1130: 2 contacts, 3 actions (8.4s)
  [130/820] 8500f776: 12 contacts, 12 actions (8.5s)
  [131/820] 75295533: 4 contacts, 4 actions (8.5s)
Rally 89bd8f53-cf7e-46fe-85cc-5b3e704b79cd: >3 contacts on near side (contact #4 at frame 220). Possible missed net crossing or wrong court_side.
  [132/820] 89bd8f53: 9 contacts, 9 actions (8.6s)
Rally 076cb0fe-a16e-4a6a-a161-1e67fda85fb3: consecutive net-crossing actions at frame 215 (attack). Missing same-side contact between them.
  [133/820] 076cb0fe: 7 contacts, 7 actions (8.7s)
  [134/820] 4d874829: 9 contacts, 9 actions (8.8s)
  [135/820] bbfc3cf7: 2 contacts, 2 actions (8.8s)
Rally 114f3446-6fe4-40f6-b548-b7969dd9b01e: >3 contacts on near side (contact #4 at frame 228). Possible missed net crossing or wrong court_side.
Rally 114f3446-6fe4-40f6-b548-b7969dd9b01e: >3 contacts on near side (contact #5 at frame 280). Possible missed net crossing or wrong court_side.
  [136/820] 114f3446: 15 contacts, 15 actions (8.9s)
  [137/820] 21029e9f: 5 contacts, 5 actions (9.0s)
  [138/820] 42757e1a: 6 contacts, 6 actions (9.0s)
Rally 12b8ff15-4079-4dfd-ba52-419313b6d5d4: >3 contacts on far side (contact #4 at frame 150). Possible missed net crossing or wrong court_side.
  [139/820] 12b8ff15: 5 contacts, 5 actions (9.1s)
  [140/820] 375405ff: 3 contacts, 4 actions (9.1s)
  [141/820] caa96651: 5 contacts, 5 actions (9.1s)
  [142/820] ce7b8505: 6 contacts, 6 actions (9.2s)
  [143/820] 43b849ec: 11 contacts, 11 actions (9.3s)
Rally 1e38daab-c435-4298-8788-cafb19c18171: >3 contacts on far side (contact #4 at frame 412). Possible missed net crossing or wrong court_side.
Rally 1e38daab-c435-4298-8788-cafb19c18171: >3 contacts on far side (contact #5 at frame 437). Possible missed net crossing or wrong court_side.
Rally 1e38daab-c435-4298-8788-cafb19c18171: >3 contacts on far side (contact #6 at frame 471). Possible missed net crossing or wrong court_side.
  [144/820] 1e38daab: 14 contacts, 15 actions (9.4s)
  [145/820] 414cff1b: 9 contacts, 9 actions (9.5s)
  [146/820] 594a832a: 3 contacts, 4 actions (9.5s)
Rally 4e80a8a7-b5aa-4fe9-b599-0f800b6427dc: >3 contacts on near side (contact #4 at frame 206). Possible missed net crossing or wrong court_side.
  [147/820] 4e80a8a7: 7 contacts, 7 actions (9.6s)
  [148/820] 80fb7cf9: 6 contacts, 6 actions (9.6s)
  [149/820] 40a38e37: 4 contacts, 4 actions (9.7s)
  [150/820] 60461d6d: 7 contacts, 7 actions (9.7s)
  [151/820] 39407a0e: 4 contacts, 5 actions (9.8s)
  [152/820] 35aec2b6: 6 contacts, 7 actions (9.8s)
  [153/820] a90fca71: 4 contacts, 4 actions (9.9s)
  [154/820] 71676247: 2 contacts, 2 actions (9.9s)
  [155/820] 2d25d8ba: 4 contacts, 4 actions (9.9s)
  [156/820] 216370ba: 5 contacts, 5 actions (10.0s)
Rally a0881d82-bd3e-4664-bd11-4e672ca29aa6: >3 contacts on far side (contact #4 at frame 225). Possible missed net crossing or wrong court_side.
Rally a0881d82-bd3e-4664-bd11-4e672ca29aa6: >3 contacts on far side (contact #5 at frame 276). Possible missed net crossing or wrong court_side.
Rally a0881d82-bd3e-4664-bd11-4e672ca29aa6: >3 contacts on far side (contact #6 at frame 326). Possible missed net crossing or wrong court_side.
  [157/820] a0881d82: 6 contacts, 7 actions (10.1s)
  [158/820] 4716499e: 4 contacts, 4 actions (10.1s)
  [159/820] 4cb43924: 2 contacts, 2 actions (10.1s)
  [160/820] 66571168: 8 contacts, 8 actions (10.2s)
  [161/820] 94426457: 4 contacts, 4 actions (10.3s)
  [162/820] 41794d71: 4 contacts, 4 actions (10.3s)
  [163/820] 2855cd04: 7 contacts, 7 actions (10.4s)
Rally 01f68711-4af0-4202-a578-2217d56fb0a5: >3 contacts on near side (contact #4 at frame 283). Possible missed net crossing or wrong court_side.
Rally 01f68711-4af0-4202-a578-2217d56fb0a5: >3 contacts on near side (contact #5 at frame 327). Possible missed net crossing or wrong court_side.
Rally 01f68711-4af0-4202-a578-2217d56fb0a5: >3 contacts on near side (contact #4 at frame 585). Possible missed net crossing or wrong court_side.
  [164/820] 01f68711: 13 contacts, 14 actions (10.5s)
  [165/820] a8cf6893: 2 contacts, 2 actions (10.5s)
Rally 4ad457f6-6cbc-49c7-ab9b-5d2c3edb8ab2: >3 contacts on far side (contact #4 at frame 253). Possible missed net crossing or wrong court_side.
Rally 4ad457f6-6cbc-49c7-ab9b-5d2c3edb8ab2: >3 contacts on far side (contact #5 at frame 312). Possible missed net crossing or wrong court_side.
  [166/820] 4ad457f6: 8 contacts, 9 actions (10.6s)
  [167/820] 29cb4e29: 3 contacts, 4 actions (10.7s)
Rally 935ead8c-2fb9-4f1f-8364-3e0af6ed0bca: >3 contacts on far side (contact #4 at frame 374). Possible missed net crossing or wrong court_side.
Rally 935ead8c-2fb9-4f1f-8364-3e0af6ed0bca: >3 contacts on near side (contact #4 at frame 517). Possible missed net crossing or wrong court_side.
  [168/820] 935ead8c: 13 contacts, 14 actions (10.8s)
  [169/820] 97f95cda: 4 contacts, 4 actions (10.8s)
  [170/820] 9f9acf26: 2 contacts, 2 actions (10.8s)
  [171/820] ab1fbbaa: 4 contacts, 4 actions (10.9s)
Rally 422567f8-240f-4856-8048-13dd281bc342: >3 contacts on far side (contact #4 at frame 373). Possible missed net crossing or wrong court_side.
Rally 422567f8-240f-4856-8048-13dd281bc342: >3 contacts on far side (contact #4 at frame 549). Possible missed net crossing or wrong court_side.
Rally 422567f8-240f-4856-8048-13dd281bc342: >3 contacts on far side (contact #5 at frame 605). Possible missed net crossing or wrong court_side.
Rally 422567f8-240f-4856-8048-13dd281bc342: >3 contacts on far side (contact #6 at frame 621). Possible missed net crossing or wrong court_side.
  [172/820] 422567f8: 16 contacts, 16 actions (11.1s)
  [173/820] 3c986a26: 3 contacts, 3 actions (11.1s)
Rally f6fa0cbb-edb2-459b-a701-f9a982eb6ef6: consecutive net-crossing actions at frame 300 (attack). Missing same-side contact between them.
Rally f6fa0cbb-edb2-459b-a701-f9a982eb6ef6: consecutive net-crossing actions at frame 336 (attack). Missing same-side contact between them.
  [174/820] f6fa0cbb: 8 contacts, 8 actions (11.2s)
  [175/820] 742efcfb: 7 contacts, 7 actions (11.3s)
  [176/820] 0793ebd2: 8 contacts, 8 actions (11.4s)
  [177/820] 572bff7e: 2 contacts, 2 actions (11.4s)
  [178/820] ea02a014: 3 contacts, 3 actions (11.4s)
  [179/820] 49582c29: 7 contacts, 7 actions (11.5s)
  [180/820] 65c54107: 4 contacts, 4 actions (11.5s)
  [181/820] e5327806: 4 contacts, 4 actions (11.6s)
Rally 6bc59398-2b2b-4edf-9330-c9a46404a6cd: >3 contacts on near side (contact #4 at frame 213). Possible missed net crossing or wrong court_side.
  [182/820] 6bc59398: 4 contacts, 5 actions (11.6s)
  [183/820] d6dfef25: 5 contacts, 5 actions (11.6s)
  [184/820] fb3e5842: 4 contacts, 4 actions (11.7s)
  [185/820] 9a9f223c: 2 contacts, 2 actions (11.7s)
Rally 979a2eb2-17a1-4541-8d7e-961fc086c56d: >3 contacts on near side (contact #4 at frame 172). Possible missed net crossing or wrong court_side.
  [186/820] 979a2eb2: 4 contacts, 5 actions (11.7s)
  [187/820] 259887d1: 3 contacts, 3 actions (11.8s)
Rally 64db3fe4-726f-4ffd-a406-8f9e48e6d05a: >3 contacts on near side (contact #4 at frame 188). Possible missed net crossing or wrong court_side.
  [188/820] 64db3fe4: 3 contacts, 4 actions (11.8s)
  [189/820] 11723e2b: 8 contacts, 8 actions (11.9s)
  [190/820] 29397a28: 0 contacts, 0 actions (11.9s)
  [191/820] 47228c55: 6 contacts, 6 actions (11.9s)
  [192/820] e98b67c6: 2 contacts, 3 actions (12.0s)
  [193/820] 5d576abf: 3 contacts, 4 actions (12.0s)
  [194/820] 1679b01b: 2 contacts, 2 actions (12.0s)
  [195/820] 67abc72e: 7 contacts, 7 actions (12.1s)
  [196/820] 8a542678: 1 contacts, 1 actions (12.1s)
  [197/820] 7c6f7c09: 0 contacts, 0 actions (12.2s)
  [198/820] 46ca1223: 3 contacts, 4 actions (12.2s)
Rally afbb5e6f-3ace-4c6a-bd3c-c3c61e7f20bd: >3 contacts on far side (contact #4 at frame 463). Possible missed net crossing or wrong court_side.
Rally afbb5e6f-3ace-4c6a-bd3c-c3c61e7f20bd: >3 contacts on far side (contact #5 at frame 548). Possible missed net crossing or wrong court_side.
Rally afbb5e6f-3ace-4c6a-bd3c-c3c61e7f20bd: >3 contacts on far side (contact #6 at frame 633). Possible missed net crossing or wrong court_side.
  [199/820] afbb5e6f: 6 contacts, 7 actions (12.3s)
Rally 8dc2e70e-8fde-47e3-a976-6edc7deee422: >3 contacts on far side (contact #4 at frame 706). Possible missed net crossing or wrong court_side.
Rally 8dc2e70e-8fde-47e3-a976-6edc7deee422: >3 contacts on far side (contact #5 at frame 788). Possible missed net crossing or wrong court_side.
  [200/820] 8dc2e70e: 8 contacts, 8 actions (12.4s)
  [201/820] 06c8a233: 0 contacts, 0 actions (12.4s)
  [202/820] f59985f2: 0 contacts, 0 actions (12.5s)
  [203/820] 19be6bd0: 2 contacts, 3 actions (12.5s)
  [204/820] 8e6c4b6a: 1 contacts, 2 actions (12.6s)
  [205/820] a69dc843: 3 contacts, 3 actions (12.6s)
  [206/820] de12d43e: 4 contacts, 4 actions (12.6s)
  [207/820] 8f08b232: 1 contacts, 2 actions (12.7s)
  [208/820] e72d0cbc: 7 contacts, 7 actions (12.7s)
  [209/820] b953e242: 3 contacts, 3 actions (12.8s)
  [210/820] 36d3aa2c: 5 contacts, 5 actions (12.8s)
  [211/820] 09e5fb6d: 4 contacts, 4 actions (12.8s)
  [212/820] d81b3be0: 2 contacts, 2 actions (12.9s)
  [213/820] 881f0d56: 7 contacts, 7 actions (13.0s)
  [214/820] c43d55d1: 5 contacts, 5 actions (13.0s)
  [215/820] efe1f9d7: 6 contacts, 6 actions (13.1s)
  [216/820] c5fda2c2: 8 contacts, 8 actions (13.2s)
  [217/820] 86a271f8: 8 contacts, 8 actions (13.2s)
  [218/820] 68353726: 3 contacts, 3 actions (13.3s)
  [219/820] 54be484e: 6 contacts, 6 actions (13.3s)
  [220/820] 8ce5a9e2: 4 contacts, 4 actions (13.4s)
  [221/820] fc53d8ef: 2 contacts, 2 actions (13.4s)
Rally 62b6c286-fe10-4f2e-9349-9140ff4fa659: >3 contacts on near side (contact #4 at frame 381). Possible missed net crossing or wrong court_side.
Rally 62b6c286-fe10-4f2e-9349-9140ff4fa659: >3 contacts on near side (contact #5 at frame 420). Possible missed net crossing or wrong court_side.
  [222/820] 62b6c286: 10 contacts, 10 actions (13.5s)
  [223/820] 2e8b3ce2: 4 contacts, 4 actions (13.5s)
  [224/820] c7e20480: 1 contacts, 2 actions (13.6s)
Rally e84deef3-56b1-4f5d-81aa-2924ad1c440e: >3 contacts on near side (contact #4 at frame 336). Possible missed net crossing or wrong court_side.
  [225/820] e84deef3: 8 contacts, 8 actions (13.6s)
  [226/820] 4740d2c9: 3 contacts, 4 actions (13.6s)
  [227/820] c3c9d54f: 3 contacts, 3 actions (13.7s)
  [228/820] 7b5a6973: 7 contacts, 7 actions (13.7s)
  [229/820] 8276604f: 9 contacts, 8 actions (13.8s)
Rally cecb6ebf-4f60-4799-8a93-c033ce58c35d: >3 contacts on near side (contact #4 at frame 232). Possible missed net crossing or wrong court_side.
Rally cecb6ebf-4f60-4799-8a93-c033ce58c35d: consecutive net-crossing actions at frame 157 (attack). Missing same-side contact between them.
  [230/820] cecb6ebf: 7 contacts, 7 actions (13.8s)
Rally 4c27b635-fbab-4bcb-a30e-f82a87c223c2: >3 contacts on far side (contact #4 at frame 284). Possible missed net crossing or wrong court_side.
Rally 4c27b635-fbab-4bcb-a30e-f82a87c223c2: >3 contacts on far side (contact #5 at frame 312). Possible missed net crossing or wrong court_side.
  [231/820] 4c27b635: 7 contacts, 8 actions (13.9s)
  [232/820] a51a6746: 4 contacts, 4 actions (14.0s)
  [233/820] 24b025fa: 5 contacts, 5 actions (14.0s)
Rally e048e101-5fc1-4007-b1a3-f7dbc866b31b: >3 contacts on far side (contact #4 at frame 522). Possible missed net crossing or wrong court_side.
  [234/820] e048e101: 12 contacts, 12 actions (14.1s)
  [235/820] 0b8c1d2b: 4 contacts, 4 actions (14.2s)
  [236/820] bb984d2d: 4 contacts, 5 actions (14.2s)
  [237/820] 8c2d30ce: 3 contacts, 3 actions (14.3s)
  [238/820] 0d835edf: 8 contacts, 9 actions (14.4s)
  [239/820] ecfed131: 4 contacts, 4 actions (14.5s)
  [240/820] 83790ce7: 3 contacts, 3 actions (14.5s)
  [241/820] 7a49d939: 1 contacts, 1 actions (14.9s)
  [242/820] 1052f286: 0 contacts, 0 actions (14.9s)
  [243/820] c49d774d: 0 contacts, 0 actions (15.0s)
  [244/820] 247ab722: 5 contacts, 5 actions (15.1s)
  [245/820] bed98d84: 6 contacts, 7 actions (15.2s)
  [246/820] c5c7f3dd: 2 contacts, 2 actions (15.2s)
Rally 7e074bff-9cb0-4329-be9a-b285022f1aa6: consecutive net-crossing actions at frame 779 (attack). Missing same-side contact between them.
  [247/820] 7e074bff: 12 contacts, 12 actions (15.5s)
  [248/820] 1f87460b: 4 contacts, 4 actions (15.5s)
  [249/820] a154c554: 4 contacts, 4 actions (15.5s)
  [250/820] 98d30bb8: 4 contacts, 4 actions (15.6s)
  [251/820] ca026ea3: 3 contacts, 4 actions (15.6s)
  [252/820] 66fcbf3e: 2 contacts, 2 actions (15.6s)
  [253/820] 3dc80a8c: 0 contacts, 0 actions (15.7s)
  [254/820] 41fb4da4: 3 contacts, 3 actions (15.7s)
Rally cf4cdd43-1ea2-484f-b7e8-d9985678feb0: >3 contacts on near side (contact #4 at frame 283). Possible missed net crossing or wrong court_side.
Rally cf4cdd43-1ea2-484f-b7e8-d9985678feb0: >3 contacts on near side (contact #5 at frame 333). Possible missed net crossing or wrong court_side.
  [255/820] cf4cdd43: 9 contacts, 9 actions (15.7s)
  [256/820] c7605165: 0 contacts, 0 actions (15.8s)
  [257/820] ff8ee222: 3 contacts, 3 actions (15.8s)
  [258/820] 187030ee: 4 contacts, 4 actions (15.8s)
Rally fa0076b6-cce6-47aa-8a21-6e8ce7a0c805: >3 contacts on near side (contact #4 at frame 803). Possible missed net crossing or wrong court_side.
Rally fa0076b6-cce6-47aa-8a21-6e8ce7a0c805: >3 contacts on near side (contact #5 at frame 888). Possible missed net crossing or wrong court_side.
  [259/820] fa0076b6: 10 contacts, 10 actions (16.0s)
  [260/820] 14d9a87b: 5 contacts, 5 actions (16.0s)
Rally 060e5898-f03a-44c0-a67c-038a7e5df625: >3 contacts on far side (contact #4 at frame 534). Possible missed net crossing or wrong court_side.
  [261/820] 060e5898: 3 contacts, 4 actions (16.1s)
  [262/820] 69df24f0: 4 contacts, 4 actions (16.2s)
  [263/820] 8da4f0dc: 3 contacts, 3 actions (16.2s)
  [264/820] 35ca5d33: 1 contacts, 2 actions (16.3s)
  [265/820] 2adb9d80: 1 contacts, 1 actions (16.3s)
  [266/820] 69117837: 1 contacts, 1 actions (16.3s)
  [267/820] 55565c2b: 5 contacts, 5 actions (16.4s)
Rally bb90082c-6906-49e1-a205-0a117cebb384: consecutive net-crossing actions at frame 626 (attack). Missing same-side contact between them.
  [268/820] bb90082c: 4 contacts, 5 actions (16.5s)
Rally f5cc942b-8ea3-4797-8d1c-c93e9f8cc924: consecutive net-crossing actions at frame 513 (attack). Missing same-side contact between them.
  [269/820] f5cc942b: 9 contacts, 9 actions (16.7s)
  [270/820] 00b1dd35: 4 contacts, 4 actions (16.7s)
  [271/820] 45468f69: 7 contacts, 7 actions (16.9s)
Rally 8c68de12-ff44-4fd3-a647-520ea3049deb: >3 contacts on far side (contact #4 at frame 429). Possible missed net crossing or wrong court_side.
Rally 8c68de12-ff44-4fd3-a647-520ea3049deb: consecutive net-crossing actions at frame 429 (attack). Missing same-side contact between them.
  [272/820] 8c68de12: 4 contacts, 5 actions (16.9s)
  [273/820] 48c68e3c: 3 contacts, 4 actions (17.0s)
Rally 0ab40c9b-7506-4f79-ad4c-a460488b5430: >3 contacts on far side (contact #4 at frame 441). Possible missed net crossing or wrong court_side.
Rally 0ab40c9b-7506-4f79-ad4c-a460488b5430: consecutive net-crossing actions at frame 441 (attack). Missing same-side contact between them.
  [274/820] 0ab40c9b: 4 contacts, 5 actions (17.0s)
  [275/820] 293c65e3: 4 contacts, 4 actions (17.1s)
Rally d68696e6-c522-41db-a8e7-130769b49c9e: >3 contacts on far side (contact #4 at frame 462). Possible missed net crossing or wrong court_side.
Rally d68696e6-c522-41db-a8e7-130769b49c9e: consecutive net-crossing actions at frame 462 (attack). Missing same-side contact between them.
  [276/820] d68696e6: 5 contacts, 5 actions (17.2s)
  [277/820] 930c0fa2: 4 contacts, 4 actions (17.2s)
Rally 2b109cfc-1356-4b57-a38c-7b3a3c8b833e: >3 contacts on far side (contact #4 at frame 1050). Possible missed net crossing or wrong court_side.
Rally 2b109cfc-1356-4b57-a38c-7b3a3c8b833e: consecutive net-crossing actions at frame 1008 (attack). Missing same-side contact between them.
  [278/820] 2b109cfc: 8 contacts, 9 actions (17.4s)
  [279/820] 2cb8152b: 4 contacts, 4 actions (17.5s)
Rally 71c642dc-44be-4d64-955d-8ce6d4aa4fdd: >3 contacts on far side (contact #4 at frame 485). Possible missed net crossing or wrong court_side.
Rally 71c642dc-44be-4d64-955d-8ce6d4aa4fdd: >3 contacts on far side (contact #5 at frame 557). Possible missed net crossing or wrong court_side.
  [280/820] 71c642dc: 8 contacts, 9 actions (17.6s)
  [281/820] 2dff5eeb: 4 contacts, 4 actions (17.7s)
Rally afba1e99-e329-4062-91be-229779bd71e7: >3 contacts on far side (contact #4 at frame 180). Possible missed net crossing or wrong court_side.
  [282/820] afba1e99: 4 contacts, 4 actions (17.7s)
Rally e86152b7-1857-40d1-951b-836bef9b72c2: >3 contacts on far side (contact #4 at frame 189). Possible missed net crossing or wrong court_side.
  [283/820] e86152b7: 4 contacts, 4 actions (17.7s)
  [284/820] 9d4c2631: 4 contacts, 5 actions (17.8s)
  [285/820] ce2073b6: 3 contacts, 3 actions (17.8s)
  [286/820] 6efbf348: 4 contacts, 5 actions (17.8s)
Rally ef0585b3-52c4-4c47-a4f2-ed7643f84111: >3 contacts on near side (contact #4 at frame 175). Possible missed net crossing or wrong court_side.
  [287/820] ef0585b3: 4 contacts, 5 actions (17.9s)
  [288/820] bbf54dcb: 5 contacts, 5 actions (17.9s)
  [289/820] c3b31af2: 3 contacts, 4 actions (18.0s)
  [290/820] b5d6f2e9: 5 contacts, 5 actions (18.0s)
  [291/820] 1de2b211: 4 contacts, 4 actions (18.0s)
  [292/820] f3695225: 3 contacts, 4 actions (18.1s)
Rally bbb22a1a-0079-4172-9605-2cd34d2999b3: >3 contacts on near side (contact #4 at frame 231). Possible missed net crossing or wrong court_side.
  [293/820] bbb22a1a: 7 contacts, 8 actions (18.1s)
  [294/820] 7094136a: 6 contacts, 7 actions (18.2s)
  [295/820] 8c49e480: 5 contacts, 6 actions (18.4s)
  [296/820] fb6e37bf: 3 contacts, 3 actions (18.4s)
  [297/820] 7f0f540a: 10 contacts, 11 actions (18.7s)
  [298/820] 11adfc2f: 0 contacts, 0 actions (18.8s)
  [299/820] 06c13117: 4 contacts, 4 actions (18.9s)
  [300/820] 82d549a6: 0 contacts, 0 actions (19.0s)
  [301/820] 50ece37b: 0 contacts, 0 actions (19.0s)
  [302/820] 1099f2d3: 0 contacts, 0 actions (19.0s)
  [303/820] 21d4cdf6: 0 contacts, 0 actions (19.1s)
  [304/820] ef32c552: 2 contacts, 2 actions (19.1s)
  [305/820] 9d443de0: 1 contacts, 1 actions (19.2s)
  [306/820] bc15bf77: 4 contacts, 4 actions (19.2s)
  [307/820] 53ca3586: 4 contacts, 4 actions (19.2s)
  [308/820] de7136d1: 4 contacts, 5 actions (19.3s)
  [309/820] 8de78319: 2 contacts, 2 actions (19.3s)
  [310/820] c079b2be: 10 contacts, 10 actions (19.4s)
  [311/820] f99f99f7: 3 contacts, 4 actions (19.4s)
  [312/820] 3649f1a0: 0 contacts, 0 actions (19.4s)
  [313/820] 9e1c8911: 4 contacts, 5 actions (19.5s)
Rally bb6ca329-3e2a-45d2-96d4-acbc9dd9fc61: >3 contacts on near side (contact #4 at frame 241). Possible missed net crossing or wrong court_side.
  [314/820] bb6ca329: 3 contacts, 4 actions (19.5s)
  [315/820] e7d41f54: 7 contacts, 7 actions (19.6s)
  [316/820] 9ddcfd09: 9 contacts, 9 actions (19.7s)
  [317/820] 9994449b: 3 contacts, 4 actions (19.7s)
  [318/820] f0fdfcdb: 4 contacts, 4 actions (19.8s)
Rally ae99ab2a-e342-4096-9225-6cfbb3909d15: >3 contacts on near side (contact #4 at frame 454). Possible missed net crossing or wrong court_side.
Rally ae99ab2a-e342-4096-9225-6cfbb3909d15: >3 contacts on near side (contact #5 at frame 533). Possible missed net crossing or wrong court_side.
  [319/820] ae99ab2a: 6 contacts, 6 actions (19.9s)
  [320/820] 8449bc3b: 6 contacts, 7 actions (20.0s)
  [321/820] 20796f2c: 0 contacts, 0 actions (20.0s)
Rally e5c1a9b3-692a-48c6-ae61-008d80307b68: >3 contacts on near side (contact #4 at frame 228). Possible missed net crossing or wrong court_side.
Rally e5c1a9b3-692a-48c6-ae61-008d80307b68: >3 contacts on near side (contact #5 at frame 278). Possible missed net crossing or wrong court_side.
Rally e5c1a9b3-692a-48c6-ae61-008d80307b68: >3 contacts on near side (contact #6 at frame 332). Possible missed net crossing or wrong court_side.
  [322/820] e5c1a9b3: 10 contacts, 10 actions (20.1s)
  [323/820] 6587002c: 4 contacts, 4 actions (20.2s)
  [324/820] fcc5dcba: 4 contacts, 4 actions (20.2s)
  [325/820] d24901dd: 2 contacts, 2 actions (20.3s)
  [326/820] 2f806f76: 1 contacts, 2 actions (20.3s)
  [327/820] e5a1da4f: 2 contacts, 2 actions (20.3s)
  [328/820] 66921886: 3 contacts, 3 actions (20.4s)
  [329/820] 51aa8083: 1 contacts, 1 actions (20.4s)
  [330/820] b52bc536: 3 contacts, 4 actions (20.5s)
  [331/820] 83dea3ce: 4 contacts, 4 actions (20.5s)
  [332/820] 70bd06c8: 3 contacts, 4 actions (20.5s)
  [333/820] 67b3e1ad: 5 contacts, 6 actions (20.6s)
  [334/820] a1151ff4: 4 contacts, 5 actions (20.7s)
Rally bf5b72cf-dce1-4fcd-8939-f3d033e1333b: >3 contacts on near side (contact #4 at frame 260). Possible missed net crossing or wrong court_side.
  [335/820] bf5b72cf: 5 contacts, 5 actions (20.7s)
  [336/820] 1d316b85: 7 contacts, 8 actions (20.8s)
Rally 248aaf83-2c48-4570-887a-8144a7cfe3d7: >3 contacts on far side (contact #4 at frame 682). Possible missed net crossing or wrong court_side.
Rally 248aaf83-2c48-4570-887a-8144a7cfe3d7: >3 contacts on far side (contact #5 at frame 712). Possible missed net crossing or wrong court_side.
  [337/820] 248aaf83: 17 contacts, 18 actions (21.0s)
  [338/820] 06927cb0: 1 contacts, 1 actions (21.0s)
  [339/820] a938fad1: 7 contacts, 7 actions (21.0s)
  [340/820] 4567964d: 2 contacts, 2 actions (21.1s)
  [341/820] f1f09039: 7 contacts, 8 actions (21.1s)
  [342/820] 0b43709e: 3 contacts, 3 actions (21.2s)
  [343/820] 78587ac4: 1 contacts, 2 actions (21.2s)
Rally a1a5baf7-e249-476e-9ab7-cf60fac04111: >3 contacts on near side (contact #4 at frame 340). Possible missed net crossing or wrong court_side.
Rally a1a5baf7-e249-476e-9ab7-cf60fac04111: >3 contacts on near side (contact #4 at frame 585). Possible missed net crossing or wrong court_side.
  [344/820] a1a5baf7: 14 contacts, 15 actions (21.4s)
  [345/820] d70fa5ad: 0 contacts, 0 actions (21.4s)
  [346/820] bd10eae6: 3 contacts, 3 actions (21.4s)
Rally 5d9e9e43-bb07-41e9-b181-d403a23dd20a: >3 contacts on near side (contact #4 at frame 270). Possible missed net crossing or wrong court_side.
  [347/820] 5d9e9e43: 13 contacts, 13 actions (21.6s)
  [348/820] 06b907f1: 3 contacts, 4 actions (21.6s)
Rally 974d4b76-99ec-4f23-b8c3-fa8e07682069: >3 contacts on near side (contact #4 at frame 346). Possible missed net crossing or wrong court_side.
Rally 974d4b76-99ec-4f23-b8c3-fa8e07682069: >3 contacts on far side (contact #4 at frame 632). Possible missed net crossing or wrong court_side.
Rally 974d4b76-99ec-4f23-b8c3-fa8e07682069: consecutive net-crossing actions at frame 465 (attack). Missing same-side contact between them.
  [349/820] 974d4b76: 15 contacts, 15 actions (21.7s)
  [350/820] 15c43db1: 7 contacts, 7 actions (21.8s)
  [351/820] 9ef7b6f9: 2 contacts, 2 actions (21.8s)
  [352/820] 512f9467: 4 contacts, 4 actions (21.8s)
  [353/820] f644387b: 3 contacts, 3 actions (21.9s)
  [354/820] db3a3503: 4 contacts, 4 actions (21.9s)
Rally e11fa028-69f0-4ad0-8540-c73396cdf51c: consecutive net-crossing actions at frame 258 (attack). Missing same-side contact between them.
  [355/820] e11fa028: 15 contacts, 15 actions (22.0s)
  [356/820] cc50cf7e: 7 contacts, 7 actions (22.1s)
  [357/820] 610b5078: 4 contacts, 4 actions (22.1s)
  [358/820] 733d0c7c: 4 contacts, 4 actions (22.1s)
  [359/820] 67166481: 3 contacts, 4 actions (22.2s)
Rally 7aef7188-0287-4cbb-bd47-3bf36c1121b6: >3 contacts on near side (contact #4 at frame 1514). Possible missed net crossing or wrong court_side.
Rally 7aef7188-0287-4cbb-bd47-3bf36c1121b6: consecutive net-crossing actions at frame 913 (attack). Missing same-side contact between them.
  [360/820] 7aef7188: 13 contacts, 14 actions (22.5s)
Rally e73267b4-80b4-4eb0-a92b-39f57776d114: >3 contacts on near side (contact #4 at frame 423). Possible missed net crossing or wrong court_side.
Rally e73267b4-80b4-4eb0-a92b-39f57776d114: >3 contacts on near side (contact #5 at frame 481). Possible missed net crossing or wrong court_side.
  [361/820] e73267b4: 4 contacts, 5 actions (22.5s)
  [362/820] 5b486730: 2 contacts, 2 actions (22.6s)
  [363/820] 8f008df7: 5 contacts, 5 actions (22.6s)
Rally 0f82a711-e053-41ee-b4c7-34e2507962bf: consecutive net-crossing actions at frame 523 (attack). Missing same-side contact between them.
  [364/820] 0f82a711: 8 contacts, 8 actions (22.8s)
  [365/820] eb4c4b8e: 6 contacts, 6 actions (22.9s)
Rally 682130d2-4b82-404f-83bc-f8bbeb1b5fd2: >3 contacts on far side (contact #4 at frame 591). Possible missed net crossing or wrong court_side.
Rally 682130d2-4b82-404f-83bc-f8bbeb1b5fd2: >3 contacts on far side (contact #5 at frame 693). Possible missed net crossing or wrong court_side.
Rally 682130d2-4b82-404f-83bc-f8bbeb1b5fd2: >3 contacts on far side (contact #6 at frame 795). Possible missed net crossing or wrong court_side.
  [366/820] 682130d2: 11 contacts, 11 actions (23.0s)
  [367/820] 96e18702: 1 contacts, 1 actions (23.0s)
  [368/820] 39c7b994: 3 contacts, 4 actions (23.1s)
  [369/820] 9dbe457a: 1 contacts, 2 actions (23.1s)
  [370/820] fb0a3ea4: 0 contacts, 0 actions (23.2s)
Rally 98fabc96-b119-47e1-a2f7-2023ab41dce3: >3 contacts on near side (contact #4 at frame 501). Possible missed net crossing or wrong court_side.
Rally 98fabc96-b119-47e1-a2f7-2023ab41dce3: >3 contacts on near side (contact #5 at frame 589). Possible missed net crossing or wrong court_side.
Rally 98fabc96-b119-47e1-a2f7-2023ab41dce3: >3 contacts on near side (contact #6 at frame 689). Possible missed net crossing or wrong court_side.
  [371/820] 98fabc96: 6 contacts, 6 actions (23.2s)
  [372/820] 3c8c1e44: 6 contacts, 6 actions (23.3s)
  [373/820] 3262960a: 8 contacts, 9 actions (23.4s)
Rally bf55f0f5-9329-4444-9d1b-11a4f7a6181e: >3 contacts on near side (contact #4 at frame 718). Possible missed net crossing or wrong court_side.
  [374/820] bf55f0f5: 6 contacts, 7 actions (23.5s)
  [375/820] f58fb1d4: 4 contacts, 4 actions (23.6s)
Rally e7aab025-3544-42c4-bc68-75e455a21fcf: >3 contacts on far side (contact #4 at frame 429). Possible missed net crossing or wrong court_side.
  [376/820] e7aab025: 4 contacts, 4 actions (23.6s)
  [377/820] 4fb01a47: 1 contacts, 2 actions (23.7s)
  [378/820] 3093bbbc: 8 contacts, 8 actions (23.8s)
  [379/820] 71b2d2e1: 3 contacts, 3 actions (23.9s)
  [380/820] 376961e0: 4 contacts, 4 actions (23.9s)
  [381/820] 209be896: 6 contacts, 7 actions (24.0s)
  [382/820] 5b23ee5f: 4 contacts, 4 actions (24.0s)
  [383/820] cfc464a7: 9 contacts, 9 actions (24.1s)
  [384/820] 27edd9d4: 3 contacts, 4 actions (24.1s)
  [385/820] 9452ee5a: 7 contacts, 7 actions (24.2s)
  [386/820] 281730b7: 3 contacts, 3 actions (24.2s)
  [387/820] de08f58e: 2 contacts, 2 actions (24.2s)
  [388/820] 193be78f: 5 contacts, 5 actions (24.3s)
  [389/820] 639daf33: 4 contacts, 4 actions (24.3s)
  [390/820] 2ddba1a7: 1 contacts, 1 actions (24.3s)
  [391/820] 17a26488: 4 contacts, 4 actions (24.4s)
Rally 1f5ff17d-014f-4093-b6e6-c85360fb1638: consecutive net-crossing actions at frame 304 (attack). Missing same-side contact between them.
  [392/820] 1f5ff17d: 5 contacts, 5 actions (24.4s)
Rally ae617088-e214-4bfc-9dff-b484ff026bb7: >3 contacts on near side (contact #4 at frame 258). Possible missed net crossing or wrong court_side.
Rally ae617088-e214-4bfc-9dff-b484ff026bb7: >3 contacts on near side (contact #5 at frame 298). Possible missed net crossing or wrong court_side.
  [393/820] ae617088: 7 contacts, 7 actions (24.5s)
  [394/820] 70ccee1c: 4 contacts, 4 actions (24.6s)
  [395/820] 897caafc: 5 contacts, 5 actions (24.6s)
  [396/820] 715c1c8d: 2 contacts, 2 actions (24.7s)
  [397/820] 9501aa64: 0 contacts, 0 actions (24.7s)
  [398/820] c31d12b2: 9 contacts, 9 actions (24.8s)
  [399/820] eeb0967f: 1 contacts, 2 actions (24.9s)
Rally ea6e2fcc-e9cc-4980-b89e-ff011790406c: >3 contacts on near side (contact #4 at frame 384). Possible missed net crossing or wrong court_side.
  [400/820] ea6e2fcc: 3 contacts, 4 actions (24.9s)
  [401/820] 982fb432: 3 contacts, 4 actions (25.0s)
Rally 64277fda-5968-4f62-8806-8f0c5c7b50ab: >3 contacts on near side (contact #4 at frame 656). Possible missed net crossing or wrong court_side.
Rally 64277fda-5968-4f62-8806-8f0c5c7b50ab: consecutive net-crossing actions at frame 747 (attack). Missing same-side contact between them.
  [402/820] 64277fda: 16 contacts, 17 actions (25.3s)
  [403/820] a6db90c6: 0 contacts, 0 actions (25.3s)
  [404/820] c4140c7c: 6 contacts, 7 actions (25.4s)
  [405/820] 6eb68343: 1 contacts, 2 actions (25.4s)
Rally 8b0b9e13-0694-4697-b131-745ee79a81d8: consecutive net-crossing actions at frame 358 (attack). Missing same-side contact between them.
Rally 8b0b9e13-0694-4697-b131-745ee79a81d8: consecutive net-crossing actions at frame 653 (attack). Missing same-side contact between them.
  [406/820] 8b0b9e13: 17 contacts, 18 actions (25.6s)
  [407/820] 09553ef1: 3 contacts, 4 actions (25.6s)
Rally ad7cccbf-657f-4a49-8069-e33575be537d: >3 contacts on near side (contact #4 at frame 243). Possible missed net crossing or wrong court_side.
Rally ad7cccbf-657f-4a49-8069-e33575be537d: >3 contacts on near side (contact #5 at frame 295). Possible missed net crossing or wrong court_side.
  [408/820] ad7cccbf: 9 contacts, 9 actions (25.7s)
  [409/820] 97c42190: 5 contacts, 5 actions (25.7s)
  [410/820] e50f127e: 5 contacts, 5 actions (25.8s)
  [411/820] 30ffb876: 0 contacts, 0 actions (25.8s)
Rally 8c802c26-fb67-4a0f-b3a9-315a48cc6a2d: >3 contacts on far side (contact #4 at frame 225). Possible missed net crossing or wrong court_side.
  [412/820] 8c802c26: 8 contacts, 9 actions (25.9s)
Rally 724ead56-4093-48b6-8a78-fabc1a18fca1: >3 contacts on near side (contact #4 at frame 351). Possible missed net crossing or wrong court_side.
  [413/820] 724ead56: 6 contacts, 7 actions (25.9s)
  [414/820] 03144243: 6 contacts, 7 actions (26.0s)
  [415/820] 4bfafd6d: 3 contacts, 3 actions (26.0s)
  [416/820] fdc4375b: 0 contacts, 0 actions (26.1s)
  [417/820] 689854e3: 0 contacts, 0 actions (26.1s)
  [418/820] d5c51d52: 6 contacts, 6 actions (26.1s)
  [419/820] 4e7e589c: 12 contacts, 12 actions (26.2s)
  [420/820] d934f57a: 0 contacts, 0 actions (26.3s)
  [421/820] 613fde44: 0 contacts, 0 actions (26.3s)
  [422/820] 1cafde0e: 0 contacts, 0 actions (26.3s)
  [423/820] 1f9ce33a: 0 contacts, 0 actions (26.4s)
  [424/820] 9f46f74e: 10 contacts, 10 actions (26.5s)
Rally db841666-5900-422e-afd9-2e74a7754534: >3 contacts on near side (contact #4 at frame 217). Possible missed net crossing or wrong court_side.
Rally db841666-5900-422e-afd9-2e74a7754534: >3 contacts on near side (contact #5 at frame 236). Possible missed net crossing or wrong court_side.
  [425/820] db841666: 5 contacts, 5 actions (26.5s)
Rally 6e4a9de1-71f1-46db-a4f6-21ff5953f097: consecutive net-crossing actions at frame 178 (attack). Missing same-side contact between them.
  [426/820] 6e4a9de1: 4 contacts, 4 actions (26.5s)
  [427/820] 47430bea: 4 contacts, 4 actions (26.6s)
  [428/820] c7ef5f89: 4 contacts, 4 actions (26.6s)
  [429/820] 184650b5: 4 contacts, 4 actions (26.7s)
  [430/820] 7029ace1: 1 contacts, 1 actions (26.7s)
  [431/820] c036a173: 19 contacts, 19 actions (26.9s)
  [432/820] cce341ff: 4 contacts, 4 actions (26.9s)
  [433/820] 4f73e54c: 6 contacts, 6 actions (27.0s)
  [434/820] d2a26a50: 2 contacts, 3 actions (27.0s)
  [435/820] 6c147b7a: 4 contacts, 5 actions (27.1s)
Rally e3348468-fb03-4c99-bc07-8c7757b463ef: >3 contacts on near side (contact #4 at frame 205). Possible missed net crossing or wrong court_side.
Rally e3348468-fb03-4c99-bc07-8c7757b463ef: >3 contacts on near side (contact #5 at frame 246). Possible missed net crossing or wrong court_side.
  [436/820] e3348468: 16 contacts, 16 actions (27.2s)
  [437/820] bc88a9a3: 0 contacts, 0 actions (27.2s)
  [438/820] 920d4a33: 3 contacts, 4 actions (27.3s)
Rally 8638ee31-e6f5-422d-a3ef-5680af134580: >3 contacts on near side (contact #4 at frame 173). Possible missed net crossing or wrong court_side.
  [439/820] 8638ee31: 4 contacts, 5 actions (27.3s)
  [440/820] d1ef5696: 2 contacts, 2 actions (27.3s)
  [441/820] 8ccb5349: 6 contacts, 7 actions (27.4s)
  [442/820] d7c9c9e0: 3 contacts, 3 actions (27.4s)
Rally f7db091f-df02-48a0-b565-b27d55254ced: >3 contacts on near side (contact #4 at frame 168). Possible missed net crossing or wrong court_side.
  [443/820] f7db091f: 3 contacts, 4 actions (27.4s)
  [444/820] f1f0730d: 7 contacts, 8 actions (27.5s)
  [445/820] 42f0989f: 10 contacts, 11 actions (27.6s)
  [446/820] 793625cd: 7 contacts, 7 actions (27.6s)
  [447/820] ce316bb4: 7 contacts, 6 actions (27.7s)
  [448/820] 6a467cf6: 6 contacts, 7 actions (27.7s)
  [449/820] c46ec7a6: 3 contacts, 4 actions (27.8s)
  [450/820] 276985b8: 6 contacts, 6 actions (27.8s)
  [451/820] a80db496: 3 contacts, 4 actions (27.9s)
  [452/820] 1ab7fe05: 1 contacts, 2 actions (27.9s)
  [453/820] 5bdb67a1: 6 contacts, 5 actions (27.9s)
Rally 2eeb3ae6-cf97-4eeb-9400-28a8060a7636: >3 contacts on near side (contact #4 at frame 737). Possible missed net crossing or wrong court_side.
Rally 2eeb3ae6-cf97-4eeb-9400-28a8060a7636: >3 contacts on near side (contact #5 at frame 784). Possible missed net crossing or wrong court_side.
Rally 2eeb3ae6-cf97-4eeb-9400-28a8060a7636: >3 contacts on near side (contact #6 at frame 848). Possible missed net crossing or wrong court_side.
Rally 2eeb3ae6-cf97-4eeb-9400-28a8060a7636: >3 contacts on near side (contact #7 at frame 912). Possible missed net crossing or wrong court_side.
  [454/820] 2eeb3ae6: 21 contacts, 21 actions (28.1s)
  [455/820] 61bb1e1c: 1 contacts, 1 actions (28.1s)
  [456/820] b28dcbf1: 5 contacts, 6 actions (28.2s)
  [457/820] 682f2267: 7 contacts, 7 actions (28.2s)
  [458/820] 533bcdd5: 0 contacts, 0 actions (28.2s)
  [459/820] 311f75b4: 3 contacts, 2 actions (28.3s)
  [460/820] cce8c015: 5 contacts, 6 actions (28.3s)
  [461/820] eecb04d1: 8 contacts, 8 actions (28.4s)
  [462/820] 9666105f: 14 contacts, 15 actions (28.5s)
  [463/820] f04d09bc: 4 contacts, 4 actions (28.6s)
  [464/820] f18578b6: 2 contacts, 2 actions (28.6s)
  [465/820] d6c4322d: 3 contacts, 2 actions (28.6s)
  [466/820] 1126ab99: 6 contacts, 6 actions (28.7s)
  [467/820] 618002a8: 3 contacts, 3 actions (28.7s)
  [468/820] c56d4b01: 1 contacts, 2 actions (28.8s)
  [469/820] 36653771: 1 contacts, 2 actions (28.8s)
  [470/820] 6e6e062f: 3 contacts, 3 actions (28.8s)
Rally ad8780cb-18b2-4387-a2f9-82e05233250e: consecutive net-crossing actions at frame 350 (attack). Missing same-side contact between them.
  [471/820] ad8780cb: 6 contacts, 7 actions (28.9s)
  [472/820] 822a54b8: 4 contacts, 5 actions (28.9s)
  [473/820] 6779eb0b: 1 contacts, 2 actions (28.9s)
  [474/820] eee906ab: 3 contacts, 2 actions (28.9s)
  [475/820] 38d9e796: 5 contacts, 5 actions (29.0s)
  [476/820] 55c2c6e5: 7 contacts, 8 actions (29.1s)
  [477/820] e4a5349e: 14 contacts, 14 actions (29.3s)
  [478/820] c039ef17: 1 contacts, 1 actions (29.4s)
  [479/820] 40b6b832: 0 contacts, 0 actions (29.4s)
  [480/820] 0e6d2151: 7 contacts, 7 actions (29.5s)
Rally 8e9ce257-b51f-4eed-aefd-094352d1237b: >3 contacts on far side (contact #4 at frame 1607). Possible missed net crossing or wrong court_side.
Rally 8e9ce257-b51f-4eed-aefd-094352d1237b: >3 contacts on far side (contact #5 at frame 1699). Possible missed net crossing or wrong court_side.
  [481/820] 8e9ce257: 16 contacts, 17 actions (29.9s)
  [482/820] 6d2e3df2: 1 contacts, 2 actions (29.9s)
Rally 1f09287f-b552-4519-a0ee-d9be34b44ecc: >3 contacts on near side (contact #4 at frame 529). Possible missed net crossing or wrong court_side.
  [483/820] 1f09287f: 6 contacts, 7 actions (30.0s)
  [484/820] 411f790f: 3 contacts, 3 actions (30.1s)
  [485/820] 83309758: 6 contacts, 7 actions (30.2s)
  [486/820] eeecf5a0: 4 contacts, 5 actions (30.3s)
  [487/820] d5b199ea: 9 contacts, 9 actions (30.3s)
Rally ec483e08-01a2-4118-9dc2-5708ec203e7f: >3 contacts on near side (contact #4 at frame 310). Possible missed net crossing or wrong court_side.
  [488/820] ec483e08: 7 contacts, 7 actions (30.4s)
  [489/820] b0c5ad1c: 4 contacts, 4 actions (30.4s)
  [490/820] 780d876e: 1 contacts, 1 actions (30.4s)
Rally 5668ebd9-ce61-47f8-917b-c908a0a63a6e: consecutive net-crossing actions at frame 234 (attack). Missing same-side contact between them.
  [491/820] 5668ebd9: 5 contacts, 5 actions (30.5s)
  [492/820] 2b59b234: 2 contacts, 2 actions (30.5s)
  [493/820] 0af554b5: 4 contacts, 4 actions (30.5s)
Rally 97fb6b03-d3c9-425d-abc8-2c005a905726: >3 contacts on far side (contact #4 at frame 158). Possible missed net crossing or wrong court_side.
  [494/820] 97fb6b03: 4 contacts, 4 actions (30.6s)
  [495/820] ff5a4c20: 2 contacts, 2 actions (30.6s)
  [496/820] b6c744e6: 3 contacts, 4 actions (30.6s)
  [497/820] 3337e83c: 1 contacts, 2 actions (30.6s)
Rally f62bc819-d7c4-4287-b617-edac3f5194bc: >3 contacts on far side (contact #4 at frame 177). Possible missed net crossing or wrong court_side.
  [498/820] f62bc819: 4 contacts, 4 actions (30.7s)
  [499/820] f46d6ef9: 3 contacts, 4 actions (30.7s)
Rally f433967e-2c40-4169-b5cb-87f48cd0fa63: >3 contacts on near side (contact #4 at frame 122). Possible missed net crossing or wrong court_side.
  [500/820] f433967e: 5 contacts, 5 actions (30.8s)
  [501/820] 0d249f1b: 1 contacts, 2 actions (30.8s)
  [502/820] ec8198b2: 7 contacts, 7 actions (30.8s)
  [503/820] 518d215b: 0 contacts, 0 actions (30.9s)
  [504/820] 35943ff9: 5 contacts, 6 actions (30.9s)
  [505/820] e0473bf9: 3 contacts, 4 actions (30.9s)
  [506/820] f978201e: 5 contacts, 5 actions (31.0s)
  [507/820] 55e78d3a: 2 contacts, 3 actions (31.0s)
  [508/820] 5c35e049: 11 contacts, 11 actions (31.1s)
  [509/820] 8f17a3ed: 2 contacts, 3 actions (31.1s)
  [510/820] 79ecfb2d: 5 contacts, 6 actions (31.2s)
  [511/820] ef07c839: 6 contacts, 6 actions (31.2s)
  [512/820] b4747e0d: 7 contacts, 7 actions (31.3s)
  [513/820] 17b080fa: 8 contacts, 8 actions (31.4s)
  [514/820] aeffed7c: 4 contacts, 4 actions (31.4s)
  [515/820] 34430b2e: 4 contacts, 4 actions (31.4s)
Rally 4f4e0a0a-6b77-4cab-b1ec-470335300866: >3 contacts on near side (contact #4 at frame 260). Possible missed net crossing or wrong court_side.
  [516/820] 4f4e0a0a: 4 contacts, 4 actions (31.5s)
  [517/820] d362c7b2: 13 contacts, 13 actions (31.6s)
  [518/820] 27964520: 5 contacts, 5 actions (31.6s)
  [519/820] 5cc5127f: 6 contacts, 6 actions (31.7s)
  [520/820] 52b0ca76: 3 contacts, 4 actions (31.7s)
  [521/820] 9c70e73a: 4 contacts, 4 actions (31.7s)
  [522/820] 137cd8bc: 0 contacts, 0 actions (31.8s)
  [523/820] 016b0e5c: 2 contacts, 2 actions (31.8s)
Rally bd77efd1-612c-431d-8ead-c5be87fd0262: >3 contacts on near side (contact #4 at frame 123). Possible missed net crossing or wrong court_side.
Rally bd77efd1-612c-431d-8ead-c5be87fd0262: consecutive net-crossing actions at frame 167 (attack). Missing same-side contact between them.
  [524/820] bd77efd1: 6 contacts, 6 actions (31.9s)
  [525/820] a42fec64: 2 contacts, 3 actions (31.9s)
  [526/820] eff4febd: 4 contacts, 3 actions (31.9s)
  [527/820] 25cb82c1: 3 contacts, 4 actions (31.9s)
  [528/820] 0fa82bdf: 4 contacts, 4 actions (32.0s)
  [529/820] 7cd50bd0: 3 contacts, 4 actions (32.0s)
  [530/820] bc4a380c: 3 contacts, 3 actions (32.1s)
  [531/820] e5e4c0b7: 4 contacts, 4 actions (32.1s)
  [532/820] 0d84f858: 4 contacts, 4 actions (32.2s)
  [533/820] 3296c4a0: 6 contacts, 7 actions (32.2s)
  [534/820] 2a4c3656: 0 contacts, 0 actions (32.2s)
  [535/820] 19d0b82a: 4 contacts, 4 actions (32.3s)
  [536/820] ef47fc50: 4 contacts, 5 actions (32.3s)
  [537/820] 1e449249: 1 contacts, 1 actions (32.3s)
  [538/820] f0371bb7: 6 contacts, 7 actions (32.4s)
  [539/820] f271b5e6: 1 contacts, 2 actions (32.4s)
  [540/820] 33fa851b: 6 contacts, 6 actions (32.5s)
  [541/820] 914e4ccc: 3 contacts, 4 actions (32.5s)
  [542/820] e35ccb8f: 7 contacts, 7 actions (32.6s)
  [543/820] 75886ef9: 3 contacts, 3 actions (32.7s)
Rally 2b7cf325-da83-488a-9056-1a4ef4de6d02: consecutive net-crossing actions at frame 253 (attack). Missing same-side contact between them.
  [544/820] 2b7cf325: 4 contacts, 5 actions (32.7s)
  [545/820] 1a6e05d5: 2 contacts, 2 actions (32.8s)
  [546/820] c9fb06b6: 7 contacts, 7 actions (32.9s)
  [547/820] 3eb37b1b: 3 contacts, 4 actions (32.9s)
Rally 169292de-2bef-45ce-acad-32aa0f5e308e: >3 contacts on near side (contact #4 at frame 619). Possible missed net crossing or wrong court_side.
  [548/820] 169292de: 9 contacts, 9 actions (33.1s)
  [549/820] 2c9092e3: 5 contacts, 5 actions (33.2s)
  [550/820] b07b388b: 6 contacts, 6 actions (33.3s)
  [551/820] 5665b276: 1 contacts, 2 actions (33.3s)
  [552/820] 20007e80: 0 contacts, 0 actions (33.3s)
  [553/820] 45b7b053: 1 contacts, 1 actions (33.3s)
  [554/820] 8230ba6a: 7 contacts, 7 actions (33.4s)
  [555/820] 3d813776: 3 contacts, 3 actions (33.5s)
  [556/820] 7d27e33f: 4 contacts, 4 actions (33.6s)
  [557/820] f4e882f2: 2 contacts, 2 actions (33.6s)
  [558/820] f87f332f: 3 contacts, 4 actions (33.6s)
Rally 4c993a75-1bca-4589-b15d-8f6126401123: >3 contacts on near side (contact #4 at frame 195). Possible missed net crossing or wrong court_side.
  [559/820] 4c993a75: 4 contacts, 4 actions (33.7s)
Rally 9c1c438b-d4e5-4922-a72f-36cca221ee12: >3 contacts on near side (contact #4 at frame 186). Possible missed net crossing or wrong court_side.
  [560/820] 9c1c438b: 4 contacts, 4 actions (33.7s)
Rally f373c7c1-0577-4ae9-9e3d-eb787fcd7590: >3 contacts on near side (contact #4 at frame 195). Possible missed net crossing or wrong court_side.
  [561/820] f373c7c1: 7 contacts, 7 actions (33.8s)
  [562/820] 6397a7d9: 7 contacts, 7 actions (33.9s)
  [563/820] e7020bac: 4 contacts, 4 actions (33.9s)
  [564/820] b96331f2: 3 contacts, 4 actions (33.9s)
  [565/820] a9f80d9f: 4 contacts, 4 actions (34.0s)
Rally 3a65e432-35ed-4ddf-ab66-beddfe33f8ff: >3 contacts on near side (contact #4 at frame 282). Possible missed net crossing or wrong court_side.
  [566/820] 3a65e432: 4 contacts, 4 actions (34.0s)
  [567/820] 212c0b30: 7 contacts, 8 actions (34.1s)
  [568/820] c4eb6810: 8 contacts, 8 actions (34.2s)
  [569/820] a8ef3948: 6 contacts, 7 actions (34.2s)
  [570/820] 5e1c8a7a: 0 contacts, 0 actions (34.2s)
  [571/820] 7ff96129: 6 contacts, 6 actions (34.3s)
Rally d4938222-0bf9-41f2-987f-e1b5c1055d2d: >3 contacts on near side (contact #4 at frame 245). Possible missed net crossing or wrong court_side.
Rally d4938222-0bf9-41f2-987f-e1b5c1055d2d: >3 contacts on far side (contact #4 at frame 555). Possible missed net crossing or wrong court_side.
Rally d4938222-0bf9-41f2-987f-e1b5c1055d2d: >3 contacts on far side (contact #5 at frame 598). Possible missed net crossing or wrong court_side.
Rally d4938222-0bf9-41f2-987f-e1b5c1055d2d: >3 contacts on far side (contact #6 at frame 615). Possible missed net crossing or wrong court_side.
  [572/820] d4938222: 12 contacts, 13 actions (34.4s)
  [573/820] fcabf602: 2 contacts, 3 actions (34.4s)
  [574/820] a6191f6c: 1 contacts, 2 actions (34.5s)
  [575/820] 81756fb9: 2 contacts, 3 actions (34.5s)
  [576/820] aa54e478: 3 contacts, 3 actions (34.5s)
  [577/820] c9015cb0: 4 contacts, 5 actions (34.6s)
  [578/820] 100d190a: 5 contacts, 5 actions (34.6s)
  [579/820] e638f57f: 0 contacts, 0 actions (34.6s)
  [580/820] 9c3e9dad: 1 contacts, 2 actions (34.6s)
  [581/820] 29931eb0: 3 contacts, 3 actions (34.7s)
  [582/820] f81cedbe: 4 contacts, 4 actions (34.7s)
  [583/820] ad9fbb33: 5 contacts, 5 actions (34.8s)
  [584/820] fa7f0d02: 5 contacts, 5 actions (34.8s)
  [585/820] 62a4b02d: 1 contacts, 1 actions (34.8s)
  [586/820] da794fc1: 2 contacts, 3 actions (34.9s)
  [587/820] 8c00e2cc: 2 contacts, 3 actions (34.9s)
  [588/820] 3c1f4b82: 4 contacts, 4 actions (34.9s)
  [589/820] 53c4fa5a: 2 contacts, 2 actions (35.0s)
  [590/820] 3d8f7024: 8 contacts, 9 actions (35.0s)
  [591/820] 496a1670: 3 contacts, 4 actions (35.1s)
  [592/820] 303d70e0: 0 contacts, 0 actions (35.1s)
  [593/820] c2c7d136: 0 contacts, 0 actions (35.1s)
Rally d4020159-ade0-4fa5-b301-4faeec9cd894: >3 contacts on near side (contact #4 at frame 261). Possible missed net crossing or wrong court_side.
  [594/820] d4020159: 3 contacts, 4 actions (35.2s)
  [595/820] 6a4a4788: 3 contacts, 3 actions (35.2s)
  [596/820] bb175970: 4 contacts, 4 actions (35.2s)
  [597/820] e8c95aea: 1 contacts, 1 actions (35.3s)
  [598/820] a7b017cd: 4 contacts, 4 actions (35.3s)
  [599/820] f6ac99c0: 2 contacts, 3 actions (35.3s)
  [600/820] 57f3d7df: 4 contacts, 4 actions (35.4s)
  [601/820] b5a0c6b5: 6 contacts, 7 actions (35.4s)
  [602/820] 05f7dae1: 4 contacts, 4 actions (35.5s)
  [603/820] bace791b: 3 contacts, 3 actions (35.5s)
  [604/820] 19a53e20: 1 contacts, 2 actions (35.5s)
  [605/820] 15691670: 2 contacts, 2 actions (35.7s)
Rally 46f88347-5c01-45a9-bf87-a2e87d895a53: >3 contacts on far side (contact #4 at frame 217). Possible missed net crossing or wrong court_side.
  [606/820] 46f88347: 4 contacts, 4 actions (35.7s)
  [607/820] 571b8cc2: 4 contacts, 4 actions (35.7s)
  [608/820] 879a8cff: 12 contacts, 12 actions (35.8s)
  [609/820] 624451e2: 2 contacts, 2 actions (35.9s)
  [610/820] 8c9fc2ca: 5 contacts, 5 actions (35.9s)
  [611/820] 2a61ea0f: 1 contacts, 1 actions (35.9s)
Rally 2be8954f-f78c-423a-b455-2fd7eb738811: consecutive net-crossing actions at frame 278 (attack). Missing same-side contact between them.
  [612/820] 2be8954f: 6 contacts, 6 actions (36.0s)
  [613/820] 98810a40: 2 contacts, 2 actions (36.0s)
  [614/820] 4bad3fd9: 4 contacts, 4 actions (36.0s)
  [615/820] 1506ace3: 3 contacts, 4 actions (36.1s)
  [616/820] ded9504c: 8 contacts, 8 actions (36.1s)
  [617/820] 0d6b2879: 5 contacts, 6 actions (36.2s)
  [618/820] fb6d01ea: 5 contacts, 5 actions (36.2s)
  [619/820] c0a3639c: 5 contacts, 5 actions (36.3s)
  [620/820] f42cb98f: 0 contacts, 0 actions (36.3s)
  [621/820] d1761e6f: 1 contacts, 1 actions (36.3s)
  [622/820] 0b7a2461: 4 contacts, 4 actions (36.3s)
  [623/820] 246595bc: 1 contacts, 2 actions (36.4s)
  [624/820] 0e2f8f9f: 1 contacts, 2 actions (36.4s)
  [625/820] 4aac49ca: 3 contacts, 4 actions (36.4s)
  [626/820] 59f2a9a0: 9 contacts, 9 actions (36.5s)
  [627/820] c1a37b5e: 6 contacts, 6 actions (36.5s)
Rally c1052008-76ee-4164-a8fe-95535f305042: >3 contacts on near side (contact #4 at frame 282). Possible missed net crossing or wrong court_side.
  [628/820] c1052008: 7 contacts, 7 actions (36.6s)
  [629/820] 95c3db02: 7 contacts, 7 actions (36.7s)
  [630/820] 7501a7b7: 4 contacts, 4 actions (36.7s)
  [631/820] 15a57d49: 4 contacts, 4 actions (36.8s)
  [632/820] 65e3612a: 2 contacts, 2 actions (36.8s)
Rally 2001b635-018d-4e51-93d0-103a174444dc: >3 contacts on near side (contact #4 at frame 189). Possible missed net crossing or wrong court_side.
Rally 2001b635-018d-4e51-93d0-103a174444dc: >3 contacts on near side (contact #5 at frame 219). Possible missed net crossing or wrong court_side.
  [633/820] 2001b635: 8 contacts, 8 actions (36.9s)
Rally 72c8229b-2993-4310-9b61-cd6162cc27fa: >3 contacts on far side (contact #4 at frame 474). Possible missed net crossing or wrong court_side.
Rally 72c8229b-2993-4310-9b61-cd6162cc27fa: >3 contacts on far side (contact #5 at frame 521). Possible missed net crossing or wrong court_side.
Rally 72c8229b-2993-4310-9b61-cd6162cc27fa: >3 contacts on far side (contact #6 at frame 550). Possible missed net crossing or wrong court_side.
Rally 72c8229b-2993-4310-9b61-cd6162cc27fa: >3 contacts on far side (contact #7 at frame 576). Possible missed net crossing or wrong court_side.
Rally 72c8229b-2993-4310-9b61-cd6162cc27fa: >3 contacts on far side (contact #8 at frame 627). Possible missed net crossing or wrong court_side.
  [634/820] 72c8229b: 17 contacts, 17 actions (37.0s)
  [635/820] bc9345c1: 3 contacts, 3 actions (37.0s)
  [636/820] 39e866fd: 6 contacts, 7 actions (37.1s)
Rally df3de8ed-f9a3-4972-9be5-21e3719f5c31: >3 contacts on far side (contact #4 at frame 248). Possible missed net crossing or wrong court_side.
  [637/820] df3de8ed: 6 contacts, 6 actions (37.2s)
Rally 5b6f0474-5ae9-4671-ba16-cd7f88e8951a: >3 contacts on far side (contact #4 at frame 178). Possible missed net crossing or wrong court_side.
  [638/820] 5b6f0474: 7 contacts, 7 actions (37.2s)
  [639/820] 3e07342a: 5 contacts, 5 actions (37.3s)
  [640/820] b8d333ae: 4 contacts, 4 actions (37.3s)
  [641/820] be3134ba: 8 contacts, 8 actions (37.4s)
  [642/820] 57a588b2: 5 contacts, 5 actions (37.5s)
Rally cc2b967b-51dd-43e1-a824-481b5903eccf: >3 contacts on near side (contact #4 at frame 488). Possible missed net crossing or wrong court_side.
Rally cc2b967b-51dd-43e1-a824-481b5903eccf: >3 contacts on near side (contact #5 at frame 558). Possible missed net crossing or wrong court_side.
  [643/820] cc2b967b: 5 contacts, 5 actions (37.6s)
  [644/820] 59832407: 0 contacts, 0 actions (37.7s)
Rally 3e61838c-b086-4d81-b333-9178a3e58f1e: >3 contacts on near side (contact #4 at frame 499). Possible missed net crossing or wrong court_side.
Rally 3e61838c-b086-4d81-b333-9178a3e58f1e: >3 contacts on near side (contact #5 at frame 627). Possible missed net crossing or wrong court_side.
Rally 3e61838c-b086-4d81-b333-9178a3e58f1e: >3 contacts on near side (contact #6 at frame 722). Possible missed net crossing or wrong court_side.
Rally 3e61838c-b086-4d81-b333-9178a3e58f1e: >3 contacts on far side (contact #4 at frame 1082). Possible missed net crossing or wrong court_side.
Rally 3e61838c-b086-4d81-b333-9178a3e58f1e: consecutive net-crossing actions at frame 499 (attack). Missing same-side contact between them.
  [645/820] 3e61838c: 11 contacts, 11 actions (37.9s)
  [646/820] 3655eb69: 7 contacts, 7 actions (38.0s)
  [647/820] 9d5f5152: 15 contacts, 15 actions (38.3s)
  [648/820] 0a9ac90a: 0 contacts, 0 actions (38.4s)
  [649/820] 2e95067d: 0 contacts, 0 actions (38.4s)
  [650/820] 185d87f6: 0 contacts, 0 actions (38.5s)
  [651/820] 26165b51: 0 contacts, 0 actions (38.6s)
  [652/820] 36130cbc: 5 contacts, 5 actions (38.6s)
  [653/820] e55b433d: 1 contacts, 1 actions (38.6s)
  [654/820] 89c53e08: 4 contacts, 4 actions (38.7s)
  [655/820] 047c5e5f: 11 contacts, 12 actions (38.8s)
  [656/820] 8e1e5e61: 2 contacts, 2 actions (38.8s)
  [657/820] 1eac2bd6: 2 contacts, 2 actions (38.8s)
  [658/820] e46a9741: 12 contacts, 12 actions (38.9s)
  [659/820] 70e5834b: 5 contacts, 5 actions (39.0s)
  [660/820] 7d5fbfb2: 5 contacts, 5 actions (39.0s)
  [661/820] 24d00889: 4 contacts, 4 actions (39.1s)
Rally 7265f3ea-efb9-4158-9c7c-4bbf23f6b521: >3 contacts on near side (contact #4 at frame 213). Possible missed net crossing or wrong court_side.
Rally 7265f3ea-efb9-4158-9c7c-4bbf23f6b521: >3 contacts on near side (contact #5 at frame 231). Possible missed net crossing or wrong court_side.
Rally 7265f3ea-efb9-4158-9c7c-4bbf23f6b521: >3 contacts on near side (contact #6 at frame 302). Possible missed net crossing or wrong court_side.
  [662/820] 7265f3ea: 6 contacts, 6 actions (39.1s)
  [663/820] 7063ea7b: 5 contacts, 5 actions (39.2s)
  [664/820] 9e3ff9fe: 2 contacts, 2 actions (39.2s)
  [665/820] 47379221: 2 contacts, 2 actions (39.2s)
  [666/820] 6c819737: 0 contacts, 0 actions (39.2s)
  [667/820] a2c74722: 0 contacts, 0 actions (39.3s)
Rally fad29c31-6e2a-4a8d-86f1-9064b2f1f425: >3 contacts on near side (contact #4 at frame 352). Possible missed net crossing or wrong court_side.
  [668/820] fad29c31: 10 contacts, 10 actions (39.3s)
  [669/820] 3391198d: 4 contacts, 4 actions (39.4s)
Rally b9b93b87-daff-4b7d-99eb-ed76e0a980a4: >3 contacts on near side (contact #4 at frame 208). Possible missed net crossing or wrong court_side.
Rally b9b93b87-daff-4b7d-99eb-ed76e0a980a4: >3 contacts on near side (contact #5 at frame 252). Possible missed net crossing or wrong court_side.
  [670/820] b9b93b87: 6 contacts, 6 actions (39.4s)
  [671/820] 13bc398e: 3 contacts, 3 actions (39.4s)
  [672/820] 806ffdf7: 1 contacts, 1 actions (39.5s)
  [673/820] b0dabe43: 4 contacts, 4 actions (39.5s)
Rally 6d5e04f4-aeba-4227-b746-4fd4c3e95a82: consecutive net-crossing actions at frame 276 (attack). Missing same-side contact between them.
  [674/820] 6d5e04f4: 8 contacts, 8 actions (39.6s)
  [675/820] 0a95a5e8: 5 contacts, 5 actions (39.6s)
  [676/820] f8e251d8: 3 contacts, 3 actions (39.6s)
  [677/820] 4f7d1cb5: 1 contacts, 1 actions (39.7s)
Rally 87ce7bff-2dd3-434e-829c-365e0c53cfcb: >3 contacts on near side (contact #4 at frame 161). Possible missed net crossing or wrong court_side.
Rally 87ce7bff-2dd3-434e-829c-365e0c53cfcb: >3 contacts on near side (contact #4 at frame 365). Possible missed net crossing or wrong court_side.
  [678/820] 87ce7bff: 15 contacts, 15 actions (39.8s)
Rally 696e302a-c5af-4c47-a881-16219971b3ae: >3 contacts on far side (contact #4 at frame 277). Possible missed net crossing or wrong court_side.
  [679/820] 696e302a: 7 contacts, 7 actions (39.8s)
  [680/820] b7f92cdc: 3 contacts, 3 actions (39.9s)
  [681/820] 7c7f0ba3: 4 contacts, 4 actions (39.9s)
  [682/820] 912bc2a8: 3 contacts, 3 actions (39.9s)
  [683/820] 9db9cb6b: 4 contacts, 4 actions (40.0s)
  [684/820] 5f32d512: 4 contacts, 4 actions (40.0s)
  [685/820] 6560f8a3: 4 contacts, 4 actions (40.0s)
  [686/820] 25220443: 2 contacts, 3 actions (40.1s)
  [687/820] f2e47246: 4 contacts, 4 actions (40.1s)
  [688/820] 64896fac: 4 contacts, 4 actions (40.1s)
  [689/820] 84119722: 5 contacts, 5 actions (40.2s)
  [690/820] c99fdd78: 4 contacts, 4 actions (40.2s)
Rally 04ef801f-23af-4795-a34e-f02c9a68b842: >3 contacts on near side (contact #4 at frame 215). Possible missed net crossing or wrong court_side.
  [691/820] 04ef801f: 5 contacts, 5 actions (40.3s)
  [692/820] 8941e6e4: 5 contacts, 5 actions (40.3s)
  [693/820] da366ddb: 9 contacts, 9 actions (40.4s)
Rally 88e3503c-4f34-49e5-b56c-2f828eb7cc5a: >3 contacts on far side (contact #4 at frame 351). Possible missed net crossing or wrong court_side.
Rally 88e3503c-4f34-49e5-b56c-2f828eb7cc5a: >3 contacts on far side (contact #5 at frame 386). Possible missed net crossing or wrong court_side.
Rally 88e3503c-4f34-49e5-b56c-2f828eb7cc5a: >3 contacts on far side (contact #6 at frame 431). Possible missed net crossing or wrong court_side.
Rally 88e3503c-4f34-49e5-b56c-2f828eb7cc5a: >3 contacts on far side (contact #7 at frame 480). Possible missed net crossing or wrong court_side.
  [694/820] 88e3503c: 8 contacts, 8 actions (40.5s)
  [695/820] 1cf3ad14: 1 contacts, 1 actions (40.5s)
  [696/820] d36a8281: 4 contacts, 4 actions (40.5s)
  [697/820] a44a2a94: 2 contacts, 2 actions (40.6s)
  [698/820] 24249be3: 9 contacts, 9 actions (40.7s)
  [699/820] 5b9e0ef2: 3 contacts, 4 actions (40.8s)
Rally 09c55f5a-c9aa-4ad3-85a9-0a1d14116f4b: >3 contacts on far side (contact #4 at frame 281). Possible missed net crossing or wrong court_side.
  [700/820] 09c55f5a: 5 contacts, 5 actions (40.8s)
Rally ba7c42c5-5aef-4c17-805b-d0979c229551: >3 contacts on far side (contact #4 at frame 150). Possible missed net crossing or wrong court_side.
Rally ba7c42c5-5aef-4c17-805b-d0979c229551: consecutive net-crossing actions at frame 185 (attack). Missing same-side contact between them.
  [701/820] ba7c42c5: 11 contacts, 11 actions (40.9s)
  [702/820] d0d64de1: 3 contacts, 4 actions (41.0s)
  [703/820] f127f3d5: 12 contacts, 12 actions (41.1s)
  [704/820] d2995693: 4 contacts, 4 actions (41.1s)
  [705/820] 106e295e: 6 contacts, 6 actions (41.2s)
  [706/820] 886a43db: 5 contacts, 5 actions (41.2s)
  [707/820] 7539e9b9: 3 contacts, 4 actions (41.2s)
  [708/820] 5df3a352: 0 contacts, 0 actions (41.3s)
  [709/820] 072fb8c5: 1 contacts, 1 actions (41.3s)
  [710/820] b4d9c787: 2 contacts, 2 actions (41.3s)
Rally 1f4c643a-e3d7-4768-ad06-d3b53b0574e5: consecutive net-crossing actions at frame 403 (attack). Missing same-side contact between them.
  [711/820] 1f4c643a: 11 contacts, 11 actions (41.4s)
  [712/820] 37286868: 2 contacts, 3 actions (41.5s)
  [713/820] 4d8cf2ff: 1 contacts, 1 actions (41.5s)
  [714/820] c38da325: 9 contacts, 9 actions (41.6s)
  [715/820] adca6b54: 4 contacts, 4 actions (41.6s)
Rally ca0ccd55-1242-4af7-b7b5-097e41931049: >3 contacts on far side (contact #4 at frame 226). Possible missed net crossing or wrong court_side.
  [716/820] ca0ccd55: 16 contacts, 16 actions (41.7s)
  [717/820] d8b05b01: 0 contacts, 0 actions (41.8s)
  [718/820] 02ded716: 0 contacts, 0 actions (41.8s)
  [719/820] 7fc329a9: 0 contacts, 0 actions (41.9s)
  [720/820] 6c9063c2: 0 contacts, 0 actions (41.9s)
  [721/820] 6cf81aeb: 0 contacts, 0 actions (41.9s)
  [722/820] d654e305: 0 contacts, 0 actions (41.9s)
  [723/820] 02adc658: 0 contacts, 0 actions (42.0s)
  [724/820] b98e7d3e: 0 contacts, 0 actions (42.0s)
  [725/820] 6788aced: 0 contacts, 0 actions (42.0s)
  [726/820] 636b7192: 0 contacts, 0 actions (42.1s)
  [727/820] 7781bfb7: 0 contacts, 0 actions (42.1s)
  [728/820] 2cb5adc8: 0 contacts, 0 actions (42.2s)
Rally 21266995-4de2-4213-ae15-70b609177122: >3 contacts on near side (contact #4 at frame 197). Possible missed net crossing or wrong court_side.
Rally 21266995-4de2-4213-ae15-70b609177122: >3 contacts on near side (contact #5 at frame 222). Possible missed net crossing or wrong court_side.
  [729/820] 21266995: 8 contacts, 8 actions (42.2s)
Rally 7a9aadfd-aa9b-4ed5-a50c-fee5e6c1ed5b: >3 contacts on near side (contact #4 at frame 305). Possible missed net crossing or wrong court_side.
  [730/820] 7a9aadfd: 7 contacts, 7 actions (42.3s)
  [731/820] 9ba12ccc: 4 contacts, 4 actions (42.3s)
  [732/820] 85f7b2a6: 2 contacts, 3 actions (42.4s)
Rally 281eafcd-bc7f-4ce1-afd7-558d3def3143: >3 contacts on near side (contact #4 at frame 241). Possible missed net crossing or wrong court_side.
Rally 281eafcd-bc7f-4ce1-afd7-558d3def3143: >3 contacts on near side (contact #5 at frame 254). Possible missed net crossing or wrong court_side.
Rally 281eafcd-bc7f-4ce1-afd7-558d3def3143: >3 contacts on near side (contact #6 at frame 296). Possible missed net crossing or wrong court_side.
  [733/820] 281eafcd: 6 contacts, 6 actions (42.4s)
  [734/820] 0585f707: 7 contacts, 7 actions (42.5s)
  [735/820] 5c792f3f: 4 contacts, 4 actions (42.5s)
  [736/820] b5724a69: 2 contacts, 2 actions (42.6s)
  [737/820] 9064ba7b: 6 contacts, 6 actions (42.6s)
  [738/820] f811cc63: 0 contacts, 0 actions (42.7s)
  [739/820] ed29eec7: 0 contacts, 0 actions (42.7s)
  [740/820] 113add74: 0 contacts, 0 actions (42.7s)
  [741/820] 381d6268: 0 contacts, 0 actions (42.8s)
  [742/820] 64f9a859: 0 contacts, 0 actions (42.8s)
  [743/820] e3080014: 0 contacts, 0 actions (42.8s)
  [744/820] 3814294e: 0 contacts, 0 actions (42.9s)
  [745/820] 93b88976: 3 contacts, 4 actions (42.9s)
  [746/820] edb45683: 0 contacts, 0 actions (42.9s)
  [747/820] efdbf6b2: 0 contacts, 0 actions (42.9s)
  [748/820] b62005a2: 0 contacts, 0 actions (43.0s)
  [749/820] 71d6ffec: 0 contacts, 0 actions (43.0s)
  [750/820] 69f86018: 0 contacts, 0 actions (43.0s)
  [751/820] 664cb7a5: 0 contacts, 0 actions (43.1s)
  [752/820] 8ecd4f2b: 0 contacts, 0 actions (43.1s)
  [753/820] defd8312: 0 contacts, 0 actions (43.1s)
  [754/820] 331d0b0c: 0 contacts, 0 actions (43.1s)
  [755/820] 09c723ae: 0 contacts, 0 actions (43.2s)
  [756/820] bcae1944: 0 contacts, 0 actions (43.2s)
  [757/820] c9ffb528: 0 contacts, 0 actions (43.2s)
Rally 829a6215-548d-4bfb-8897-f5b31c10e451: >3 contacts on near side (contact #4 at frame 409). Possible missed net crossing or wrong court_side.
Rally 829a6215-548d-4bfb-8897-f5b31c10e451: >3 contacts on near side (contact #5 at frame 499). Possible missed net crossing or wrong court_side.
  [758/820] 829a6215: 9 contacts, 9 actions (43.3s)
  [759/820] 21d4f93d: 2 contacts, 2 actions (43.3s)
  [760/820] 878f9a31: 8 contacts, 8 actions (43.4s)
  [761/820] 0796487a: 3 contacts, 3 actions (43.4s)
  [762/820] 9bef4dda: 16 contacts, 16 actions (43.6s)
  [763/820] 405667da: 6 contacts, 6 actions (43.6s)
  [764/820] e94c8dc8: 4 contacts, 4 actions (43.6s)
  [765/820] 0403cea1: 4 contacts, 4 actions (43.7s)
  [766/820] c42ee5eb: 5 contacts, 5 actions (43.8s)
  [767/820] a89da55a: 1 contacts, 2 actions (43.8s)
  [768/820] c8f54526: 7 contacts, 7 actions (43.8s)
  [769/820] 5793d16b: 1 contacts, 1 actions (43.9s)
  [770/820] 9e52fb6c: 4 contacts, 4 actions (43.9s)
  [771/820] a0365422: 4 contacts, 4 actions (44.0s)
  [772/820] df3ba73b: 6 contacts, 6 actions (44.0s)
Rally a67c04fb-8afe-4b07-a85b-4b9d1eb1a79d: >3 contacts on near side (contact #4 at frame 260). Possible missed net crossing or wrong court_side.
  [773/820] a67c04fb: 5 contacts, 6 actions (44.1s)
Rally 4c0f4c83-28e2-48a6-a0db-45a2970f54ed: >3 contacts on far side (contact #4 at frame 507). Possible missed net crossing or wrong court_side.
Rally 4c0f4c83-28e2-48a6-a0db-45a2970f54ed: consecutive net-crossing actions at frame 507 (attack). Missing same-side contact between them.
  [774/820] 4c0f4c83: 13 contacts, 14 actions (44.2s)
  [775/820] cbf17cce: 18 contacts, 18 actions (44.4s)
  [776/820] 721bb968: 4 contacts, 4 actions (44.4s)
  [777/820] 61f79c70: 1 contacts, 1 actions (44.4s)
Rally 2d3cb54b-78f4-46fd-965a-ccb74b458f1b: >3 contacts on near side (contact #4 at frame 409). Possible missed net crossing or wrong court_side.
Rally 2d3cb54b-78f4-46fd-965a-ccb74b458f1b: >3 contacts on near side (contact #5 at frame 460). Possible missed net crossing or wrong court_side.
  [778/820] 2d3cb54b: 11 contacts, 11 actions (44.5s)
  [779/820] 5e2e58fb: 4 contacts, 4 actions (44.5s)
  [780/820] c094b07f: 4 contacts, 4 actions (44.6s)
  [781/820] 0a376585: 4 contacts, 4 actions (44.6s)
  [782/820] 7c87c77c: 1 contacts, 1 actions (44.6s)
  [783/820] 1a9e7831: 5 contacts, 5 actions (44.7s)
  [784/820] c563a7d7: 5 contacts, 6 actions (44.7s)
Rally 0016a4d0-c271-4fe7-9767-bfb145db9314: consecutive net-crossing actions at frame 197 (attack). Missing same-side contact between them.
  [785/820] 0016a4d0: 12 contacts, 13 actions (44.8s)
Rally d474b2ad-17e7-4c70-96f6-e52a38533d18: consecutive net-crossing actions at frame 548 (attack). Missing same-side contact between them.
Rally d474b2ad-17e7-4c70-96f6-e52a38533d18: consecutive net-crossing actions at frame 577 (attack). Missing same-side contact between them.
  [786/820] d474b2ad: 15 contacts, 15 actions (45.0s)
Rally a11d3733-b1a4-4dc6-bf08-0b6ba27ff510: >3 contacts on near side (contact #4 at frame 289). Possible missed net crossing or wrong court_side.
  [787/820] a11d3733: 9 contacts, 9 actions (45.1s)
  [788/820] c9c9bdc2: 5 contacts, 5 actions (45.1s)
Rally 19089729-0162-47b7-94f0-b401231a3d44: >3 contacts on far side (contact #4 at frame 224). Possible missed net crossing or wrong court_side.
  [789/820] 19089729: 4 contacts, 4 actions (45.2s)
  [790/820] a9bd5acb: 6 contacts, 6 actions (45.2s)
  [791/820] 9e03194b: 7 contacts, 7 actions (45.3s)
  [792/820] c48eeb7d: 6 contacts, 7 actions (45.3s)
  [793/820] 288f3d74: 1 contacts, 1 actions (45.4s)
Rally 0def0bf2-c098-4059-802d-be7698b122b1: >3 contacts on near side (contact #4 at frame 253). Possible missed net crossing or wrong court_side.
Rally 0def0bf2-c098-4059-802d-be7698b122b1: >3 contacts on near side (contact #5 at frame 309). Possible missed net crossing or wrong court_side.
  [794/820] 0def0bf2: 7 contacts, 7 actions (46.0s)
  [795/820] 1f6a9b94: 4 contacts, 4 actions (46.2s)
  [796/820] 94382303: 2 contacts, 2 actions (46.2s)
  [797/820] 173a4a61: 7 contacts, 7 actions (46.3s)
  [798/820] 3151a902: 4 contacts, 4 actions (46.4s)
  [799/820] 059d1c87: 3 contacts, 3 actions (46.4s)
  [800/820] fa863c08: 2 contacts, 2 actions (46.5s)
  [801/820] 8ce36875: 12 contacts, 12 actions (46.6s)
Rally bb1c9802-78ac-41ef-a9a0-a714bfefec47: >3 contacts on near side (contact #4 at frame 260). Possible missed net crossing or wrong court_side.
  [802/820] bb1c9802: 5 contacts, 5 actions (46.6s)
Rally 6ecb33c8-e508-4f40-9524-28b912480da9: >3 contacts on far side (contact #4 at frame 414). Possible missed net crossing or wrong court_side.
Rally 6ecb33c8-e508-4f40-9524-28b912480da9: >3 contacts on far side (contact #5 at frame 469). Possible missed net crossing or wrong court_side.
Rally 6ecb33c8-e508-4f40-9524-28b912480da9: >3 contacts on far side (contact #6 at frame 505). Possible missed net crossing or wrong court_side.
  [803/820] 6ecb33c8: 6 contacts, 7 actions (46.7s)
  [804/820] 5319cfef: 0 contacts, 0 actions (46.7s)
  [805/820] d41b0541: 1 contacts, 1 actions (46.8s)
  [806/820] b1a2e1db: 9 contacts, 9 actions (46.9s)
Rally f4c93b25-d9cc-4613-bcfe-3397d74058b1: >3 contacts on near side (contact #4 at frame 281). Possible missed net crossing or wrong court_side.
  [807/820] f4c93b25: 13 contacts, 13 actions (47.0s)
  [808/820] d4c4e650: 4 contacts, 4 actions (47.1s)
  [809/820] 3c466abc: 4 contacts, 4 actions (47.1s)
  [810/820] 008b5411: 8 contacts, 8 actions (47.2s)
  [811/820] 47466a40: 9 contacts, 9 actions (47.3s)
  [812/820] ee142f52: 2 contacts, 2 actions (47.3s)
  [813/820] 333edd7d: 2 contacts, 2 actions (47.3s)
  [814/820] 9f1e1231: 2 contacts, 2 actions (47.4s)
  [815/820] 75a780d2: 1 contacts, 2 actions (47.4s)
  [816/820] d865985c: 2 contacts, 3 actions (47.4s)
  [817/820] 6935b412: 5 contacts, 5 actions (47.5s)
  [818/820] d0b5034d: 5 contacts, 5 actions (47.5s)
  [819/820] 47d53c40: 4 contacts, 4 actions (47.6s)
  [820/820] 4eb2391e: 4 contacts, 4 actions (47.6s)

Done: 820 updated, 0 skipped, 0 errors (47.6s)
