video    rally      kind        base_f  post_f  gt_f  base_diff  post_diff  verdict                  
----------------------------------------------------------------------------------------------------
tutu     21266995   real            79      -1    81         -2        -82  REGRESSION               
tutu     7a9aadfd   real            94      -1   100         -6       -101  REGRESSION               
tutu     9ba12ccc   synth          120      -1   143        -23       -144  no change                
tutu     0585f707   real           153     153   154         -1         -1  no change                
tutu     5c792f3f   synth           83      -1    77         +6        -78  REGRESSION               
tutu     b5724a69   real           108      -1   116         -8       -117  REGRESSION               
tutu     9064ba7b   synth          174      -1   172         +2       -173  REGRESSION               
gugu     fc53d8ef   real            77      77    75         +2         +2  no change                
gugu     62b6c286   real           125      92    90        +35         +2  FIXED                    
Rally : >3 contacts on near side (contact #4 at frame 224). Possible missed net crossing or wrong court_side.
gugu     2e8b3ce2   synth           92      96    91         +1         +5  no change                
gugu     e84deef3   real            96      69    66        +30         +3  FIXED                    
yaya     de08f58e   real           120     120   121         -1         -1  no change                
yaya     193be78f   real           120     120   121         -1         -1  no change                
yaya     639daf33   real           139     139   144         -5         -5  no change                
yaya     2ddba1a7   real           119     144   147        -28         -3  FIXED                    
yaya     17a26488   synth           78     113   113        -35         +0  FIXED                    
Rally : consecutive net-crossing actions at frame 304 (attack). Missing same-side contact between them.
yaya     1f5ff17d   real           157     126   127        +30         -1  FIXED                    
yaya     ae617088   real            78      72    79         -1         -7  no change                
Rally : consecutive net-crossing actions at frame 571 (attack). Missing same-side contact between them.
yoyo     740ffd88   real            82      82    85         -3         -3  no change                
yoyo     0ab56722   real           256     100   100       +156         +0  FIXED                    
yoyo     21a9b203   real           152     184   128        +24        +56  no change                
yoyo     eb956886   real           161     161   163         -2         -2  no change                
yoyo     2eee878b   real            99      99    98         +1         +1  no change                
yoyo     9d24aa93   real            90      90    90         +0         +0  no change                
yoyo     f9327b6e   real           171     171   174         -3         -3  no change                
yoyo     e99733e3   real           103     103   103         +0         +0  no change                
yoyo     11942746   real           167     167    95        +72        +72  no change                
yoyo     eb74d667   real            96      96    94         +2         +2  no change                
Rally : >3 contacts on near side (contact #4 at frame 198). Possible missed net crossing or wrong court_side.
Rally : >3 contacts on near side (contact #5 at frame 226). Possible missed net crossing or wrong court_side.
matttch  d724bbf0   real            59      59    61         -2         -2  no change                
matttch  17fa7f9c   real            49      48    50         -1         -2  no change                
caca     f0fdfcdb   real           243     246   248         -5         -2  no change                
Rally : >3 contacts on near side (contact #4 at frame 433). Possible missed net crossing or wrong court_side.
Rally : >3 contacts on near side (contact #5 at frame 474). Possible missed net crossing or wrong court_side.
Rally : >3 contacts on near side (contact #6 at frame 550). Possible missed net crossing or wrong court_side.
Rally : >3 contacts on near side (contact #7 at frame 576). Possible missed net crossing or wrong court_side.
Rally : >3 contacts on near side (contact #8 at frame 627). Possible missed net crossing or wrong court_side.
Rally : >3 contacts on near side (contact #9 at frame 695). Possible missed net crossing or wrong court_side.
gigi     72c8229b   real            88      94    92         -4         +2  no change                
gigi     39e866fd   synth           93      85    87         +6         -2  no change                
gigi     df3de8ed   real           100     100   102         -2         -2  no change                
ruru     be3134ba   real           204     198   206         -2         -8  no change                
ruru     cc2b967b   real           221      -1   224         -3       -225  REGRESSION               
ruru     3655eb69   real           141      -1   143         -2       -144  REGRESSION               
muchi    d5b199ea   real            70      70    73         -3         -3  no change                
Rally : >3 contacts on near side (contact #4 at frame 310). Possible missed net crossing or wrong court_side.
muchi    ec483e08   real            25      72    73        -48         -1  FIXED                    
caco     5b23ee5f   real            51      51    51         +0         +0  no change                
caco     cfc464a7   real            53      53    54         -1         -1  no change                
caco     9452ee5a   real            39      39    37         +2         +2  no change                
natch    e5e4c0b7   synth           49      86    86        -37         +0  FIXED                    
natch    0d84f858   synth           32      35    46        -14        -11  no change                
natch    3296c4a0   synth           16      16     6        +10        +10  no change                
Rally : >3 contacts on far side (contact #4 at frame 563). Possible missed net crossing or wrong court_side.
yaya     67abc72e   real            69      65    68         +1         -3  no change                
yaya     8a542678   real            52      57    56         -4         +1  no change                
lili     e8c95aea   real            71      71    75         -4         -4  no change                
lili     a7b017cd   real            80      84    83         -3         +1  no change                
lili     f6ac99c0   synth           37      36    43         -6         -7  no change                
lili     57f3d7df   synth           37      77    84        -47         -7  FIXED                    
lili     b5a0c6b5   real            87      83    86         +1         -3  no change                
lili     05f7dae1   synth           81      85    88         -7         -3  no change                
lili     bace791b   real            74      74    74         +0         +0  no change                
lili     19a53e20   synth          121     116   114         +7         +2  no change                
lili     15691670   real            72      71    75         -3         -4  no change                
lili     879a8cff   real            86      86    87         -1         -1  no change                
lolo     c48eeb7d   synth          109     102   101         +8         +1  no change                
lolo     1f6a9b94   real            81      84    82         -1         +2  no change                
lolo     173a4a61   real           125     125   127         -2         -2  no change                
lolo     3151a902   real           135     135   137         -2         -2  no change                
lolo     059d1c87   real            92      92    88         +4         +4  no change                
lolo     8ce36875   real            42      29    40         +2        -11  no change                
lolo     bb1c9802   real           106     106   108         -2         -2  no change                
matchc   9501aa64   real            89      -1    90         -1        -91  REGRESSION               
matchc   c31d12b2   synth          113      87    81        +32         +6  FIXED                    
matchope bd77efd1   real            53      45    54         -1         -9  no change                
matchope eff4febd   synth           39      39    29        +10        +10  no change                
mame     27964520   real            96      96   102         -6         -6  no change                
mame     5cc5127f   synth          187     117   115        +72         +2  FIXED                    
mame     52b0ca76   synth          129     128   125         +4         +3  no change                
mame     9c70e73a   real           117     112   121         -4         -9  no change                
tete     072fb8c5   synth            1      -1    69        -68        -70  no change                
tete     b4d9c787   real            57      -1    61         -4        -62  REGRESSION               
tete     1f4c643a   synth          120      -1   121         -1       -122  REGRESSION               
tete     37286868   synth           51      -1   123        -72       -124  no change                
tete     4d8cf2ff   synth            1      -1    41        -40        -42  no change                
tete     c38da325   real            64      -1   101        -37       -102  no change                
tete     adca6b54   synth           50      -1    85        -35        -86  no change                
tete     ca0ccd55   real            83      -1    84         -1        -85  REGRESSION               
veve     7b5a6973   real            53      53    56         -3         -3  no change                
veve     8276604f   real            41      41    56        -15        -15  no change                
Rally : >3 contacts on near side (contact #4 at frame 232). Possible missed net crossing or wrong court_side.
Rally : consecutive net-crossing actions at frame 157 (attack). Missing same-side contact between them.
veve     cecb6ebf   real            32      27    28         +4         -1  no change                
veve     a51a6746   real            78      78    79         -1         -1  no change                
veve     24b025fa   real            63      64    65         -2         -1  no change                
Rally : >3 contacts on near side (contact #4 at frame 739). Possible missed net crossing or wrong court_side.
Rally : consecutive net-crossing actions at frame 548 (attack). Missing same-side contact between them.
Rally : consecutive net-crossing actions at frame 577 (attack). Missing same-side contact between them.
gaga     d474b2ad   real           154     153   156         -2         -3  no change                
Rally : >3 contacts on far side (contact #4 at frame 289). Possible missed net crossing or wrong court_side.
gaga     a11d3733   real            86     118    88         -2        +30  REGRESSION               
Rally : >3 contacts on near side (contact #4 at frame 280). Possible missed net crossing or wrong court_side.
gaga     c9c9bdc2   real           121     121   121         +0         +0  no change                
Rally : >3 contacts on far side (contact #4 at frame 224). Possible missed net crossing or wrong court_side.
gaga     19089729   real            92      92    87         +5         +5  no change                
gaga     a9bd5acb   real           109     109   110         -1         -1  no change                
Rally : >3 contacts on near side (contact #4 at frame 245). Possible missed net crossing or wrong court_side.
Rally : >3 contacts on near side (contact #5 at frame 287). Possible missed net crossing or wrong court_side.
Rally : >3 contacts on near side (contact #6 at frame 326). Possible missed net crossing or wrong court_side.
lele     c4eb6810   real            80      80    84         -4         -4  no change                
lele     a8ef3948   synth           32      79    82        -50         -3  FIXED                    
lele     7ff96129   real            82      82    85         -3         -3  no change                
Rally : >3 contacts on near side (contact #4 at frame 245). Possible missed net crossing or wrong court_side.
Rally : >3 contacts on far side (contact #4 at frame 555). Possible missed net crossing or wrong court_side.
Rally : >3 contacts on far side (contact #5 at frame 598). Possible missed net crossing or wrong court_side.
Rally : >3 contacts on far side (contact #6 at frame 615). Possible missed net crossing or wrong court_side.
lele     d4938222   synth           88      89    90         -2         -1  no change                
lele     fcabf602   synth           59      58    58         +1         +0  no change                
lele     c9015cb0   synth           95      95   100         -5         -5  no change                
pipi     8500f776   real            66      70    73         -7         -3  no change                
pipi     75295533   real            54      54    56         -2         -2  no change                
Rally : >3 contacts on near side (contact #4 at frame 220). Possible missed net crossing or wrong court_side.
pipi     89bd8f53   real            64      64    65         -1         -1  no change                
pipi     076cb0fe   real            47      47    55         -8         -8  no change                
dark     1f87460b   real            53      53    55         -2         -2  no change                
dark     a154c554   real            53      53    55         -2         -2  no change                
dark     cf4cdd43   real            45      45    43         +2         +2  no change                
lala     793625cd   synth           60      97    61         -1        +36  REGRESSION               
lala     ce316bb4   synth          105     115    72        +33        +43  no change                
lala     6a467cf6   real            72      75    75         -3         +0  no change                
lala     276985b8   real            75      75    76         -1         -1  no change                
lala     a80db496   synth          128     117   110        +18         +7  FIXED                    
Rally : >3 contacts on near side (contact #4 at frame 737). Possible missed net crossing or wrong court_side.
Rally : >3 contacts on near side (contact #5 at frame 784). Possible missed net crossing or wrong court_side.
Rally : >3 contacts on near side (contact #6 at frame 806). Possible missed net crossing or wrong court_side.
Rally : >3 contacts on near side (contact #7 at frame 912). Possible missed net crossing or wrong court_side.
lala     2eeb3ae6   real            91      90    92         -1         -2  no change                
michu    2dff5eeb   real            44      48    48         -4         +0  no change                
Rally : >3 contacts on near side (contact #4 at frame 189). Possible missed net crossing or wrong court_side.
michu    e86152b7   real            45      50    51         -6         -1  no change                
wewe     0b8c1d2b   real           170     170   172         -2         -2  no change                
wewe     bb984d2d   real           319     319   248        +71        +71  no change                
wewe     8c2d30ce   synth          275     311   239        +36        +72  no change                
wewe     0d835edf   real           201     201   182        +19        +19  no change                
wewe     ecfed131   real           192     192   189         +3         +3  no change                
wewe     83790ce7   real           206     206   204         +2         +2  no change                
wewe     7a49d939   real           211     211   217         -6         -6  no change                
wewe     247ab722   real           273     273   273         +0         +0  no change                
wewe     bed98d84   real           279     279   252        +27        +27  no change                
yeye     df3ba73b   real           111     111   111         +0         +0  no change                
yeye     a67c04fb   synth          112     112   109         +3         +3  no change                
Rally : consecutive net-crossing actions at frame 507 (attack). Missing same-side contact between them.
yeye     4c0f4c83   real            92      92    91         +1         +1  no change                
yeye     cbf17cce   real           102     102   104         -2         -2  no change                
yeye     721bb968   real           111     111   112         -1         -1  no change                
yeye     61f79c70   real           101     101   102         -1         -1  no change                
yeye     2d3cb54b   real            90      82    81         +9         +1  no change                
wowo     3eb37b1b   real           249     249   194        +55        +55  no change                
Rally : >3 contacts on near side (contact #4 at frame 619). Possible missed net crossing or wrong court_side.
wowo     169292de   real           213     213   214         -1         -1  no change                
wowo     2c9092e3   real           178     178   184         -6         -6  no change                
Rally : >3 contacts on near side (contact #4 at frame 298). Possible missed net crossing or wrong court_side.
pepe     e2db8571   synth            8     100   104        -96         -4  FIXED                    
pepe     a738f65f   synth          105     129   100         +5        +29  REGRESSION               
pepe     fcbd34b5   real            66      65    66         +0         -1  no change                
pepe     4ea1bfa2   synth          101     114   121        -20         -7  FIXED                    
pepe     a43fb033   synth          125     154   124         +1        +30  REGRESSION               
pepe     6ed4d6fc   synth          132     131   127         +5         +4  no change                
pepe     25edb83f   synth           81      86    92        -11         -6  no change                
matchop  0af554b5   real            50      51    53         -3         -2  no change                
matchop  b6c744e6   synth           34      33    29         +5         +4  no change                
Rally : consecutive net-crossing actions at frame 358 (attack). Missing same-side contact between them.
Rally : consecutive net-crossing actions at frame 653 (attack). Missing same-side contact between them.
tata     8b0b9e13   synth           86      86    90         -4         -4  no change                
tata     ad7cccbf   real            81      -1    85         -4        -86  REGRESSION               
tata     97c42190   real            77      81    77         +0         +4  no change                
tata     e50f127e   real           115     115   117         -2         -2  no change                
Rally : >3 contacts on far side (contact #4 at frame 225). Possible missed net crossing or wrong court_side.
tata     8c802c26   synth           76      69    67         +9         +2  no change                
tata     724ead56   synth           38      -1    38         +0        -39  REGRESSION               
tata     03144243   synth           60      -1    47        +13        -48  REGRESSION               
tata     4bfafd6d   real            76      76    66        +10        +10  no change                
tata     db841666   real            81      -1    86         -5        -87  REGRESSION               
rere     c7ef5f89   real           148     148   149         -1         -1  no change                
rere     184650b5   real           123     123   126         -3         -3  no change                
rere     7029ace1   real           120     120   116         +4         +4  no change                
rere     c036a173   real           114     114   116         -2         -2  no change                
cece     f978201e   real            55      55    57         -2         -2  no change                
cece     55e78d3a   synth           64      64    45        +19        +19  no change                
cece     5c35e049   real            76      76    78         -2         -2  no change                
cece     8f17a3ed   synth          101     101    89        +12        +12  no change                
pupu     512f9467   real            41      41    49         -8         -8  no change                
pupu     f644387b   real            57      57    58         -1         -1  no change                
pupu     db3a3503   real            73      74    80         -7         -6  no change                
Rally : consecutive net-crossing actions at frame 258 (attack). Missing same-side contact between them.
pupu     e11fa028   real            50      57    51         -1         +6  no change                
pupu     cc50cf7e   real            48      48    49         -1         -1  no change                
moma     fb8fd612   real            58      58    59         -1         -1  no change                
moma     e1929103   synth            1      65    66        -65         -1  FIXED                    
Rally : consecutive net-crossing actions at frame 348 (attack). Missing same-side contact between them.
moma     753a4ec7   real            52      52    57         -5         -5  no change                
moma     9bb60892   real            93      88    91         +2         -3  no change                
popo     59f2a9a0   real            72      70    72         +0         -2  no change                
popo     c1a37b5e   synth           20       8    10        +10         -2  no change                
Rally : >3 contacts on near side (contact #4 at frame 282). Possible missed net crossing or wrong court_side.
popo     c1052008   synth            1      49    56        -55         -7  FIXED                    
popo     95c3db02   synth           17      27    31        -14         -4  no change                
popo     7501a7b7   real            81      75    85         -4        -10  no change                
popo     15a57d49   synth           19      43    45        -26         -2  FIXED                    
titi     21029e9f   real            47      47    64        -17        -17  no change                
titi     42757e1a   real            46      46    48         -2         -2  no change                
Rally : >3 contacts on far side (contact #4 at frame 150). Possible missed net crossing or wrong court_side.
titi     12b8ff15   real            20      20    20         +0         +0  no change                
titi     375405ff   real            56      56    51         +5         +5  no change                
Rally : >3 contacts on near side (contact #4 at frame 173). Possible missed net crossing or wrong court_side.
Rally : >3 contacts on near side (contact #5 at frame 187). Possible missed net crossing or wrong court_side.
titi     caa96651   real            53      53    56         -3         -3  no change                
titi     ce7b8505   real            41      41    40         +1         +1  no change                
titi     43b849ec   real            51      42    46         +5         -4  no change                
Rally : >3 contacts on far side (contact #4 at frame 412). Possible missed net crossing or wrong court_side.
Rally : >3 contacts on far side (contact #5 at frame 437). Possible missed net crossing or wrong court_side.
Rally : >3 contacts on far side (contact #6 at frame 471). Possible missed net crossing or wrong court_side.
titi     1e38daab   real            14      39    39        -25         +0  FIXED                    
titi     414cff1b   real            40      40    36         +4         +4  no change                
vovo     38d9e796   real            93      22    99         -6        -77  REGRESSION               
vovo     55c2c6e5   synth           59      -1    23        +36        -24  no change                
vovo     e4a5349e   real           106      -1   104         +2       -105  REGRESSION               
vovo     c039ef17   real           201      -1   201         +0       -202  REGRESSION               
cici     ef07c839   real            86      86    85         +1         +1  no change                
cici     b4747e0d   real            87      87    89         -2         -2  no change                
Rally : >3 contacts on near side (contact #4 at frame 362). Possible missed net crossing or wrong court_side.
cici     17b080fa   real           124     120   123         +1         -3  no change                
cici     aeffed7c   real           109     107   109         +0         -2  no change                
cici     34430b2e   real           138     138   139         -1         -1  no change                
Rally : >3 contacts on near side (contact #4 at frame 257). Possible missed net crossing or wrong court_side.
cici     4f4e0a0a   real           119     119   120         -1         -1  no change                
lulu     14d9a87b   real           199     199   199         +0         +0  no change                
lulu     060e5898   real           339     339   260        +79        +79  no change                
lulu     69df24f0   real           202     202   205         -3         -3  no change                
lulu     8da4f0dc   real           147     147   149         -2         -2  no change                
lulu     35ca5d33   real           294     294   248        +46        +46  no change                
lulu     2adb9d80   real           237     237   241         -4         -4  no change                
lulu     69117837   real           176     176   174         +2         +2  no change                
lulu     55565c2b   real           172     172   175         -3         -3  no change                
mimi     c3b31af2   synth           47      72    42         +5        +30  REGRESSION               
mimi     b5d6f2e9   real            37      37    39         -2         -2  no change                
Rally : >3 contacts on near side (contact #4 at frame 187). Possible missed net crossing or wrong court_side.
mimi     1de2b211   synth           48      59    58        -10         +1  no change                
mimi     f3695225   synth           87      81    79         +8         +2  no change                
mimi     bbb22a1a   real            80      79    79         +1         +0  no change                
rara     c99fdd78   real           126     127   128         -2         -1  no change                
Rally : >3 contacts on near side (contact #4 at frame 215). Possible missed net crossing or wrong court_side.
rara     04ef801f   synth           92      95    90         +2         +5  no change                
rara     8941e6e4   real            95      90    93         +2         -3  no change                
Rally : >3 contacts on far side (contact #4 at frame 480). Possible missed net crossing or wrong court_side.
rara     da366ddb   synth          241     195   197        +44         -2  FIXED                    
rara     1cf3ad14   real            53      53    54         -1         -1  no change                
rara     d36a8281   real           119     125   118         +1         +7  no change                
rara     24249be3   synth           71     125   125        -54         +0  FIXED                    
meme     572bff7e   real            25     107   127       -102        -20  no change                
meme     ea02a014   real            76      76    77         -1         -1  no change                
meme     49582c29   real            42      42    43         -1         -1  no change                
meme     65c54107   real            76      76    77         -1         -1  no change                
Rally : >3 contacts on near side (contact #4 at frame 184). Possible missed net crossing or wrong court_side.
meme     e5327806   real            51      50    49         +2         +1  no change                
meme     6bc59398   real            87      87    88         -1         -1  no change                
meme     d6dfef25   real            60      60    59         +1         +1  no change                
meme     11723e2b   real            87      91    93         -6         -2  no change                
matahtach 73581b32   synth            5      58    52        -47         +6  FIXED                    
Rally : >3 contacts on near side (contact #4 at frame 206). Possible missed net crossing or wrong court_side.
matahtach cf33c17d   real            61      61    64         -3         -3  no change                
Rally : >3 contacts on near side (contact #4 at frame 1514). Possible missed net crossing or wrong court_side.
Rally : consecutive net-crossing actions at frame 913 (attack). Missing same-side contact between them.
wiwi     7aef7188   synth          306     181   170       +136        +11  FIXED                    
wiwi     e73267b4   real           257     183   163        +94        +20  no change                
wiwi     5b486730   real           178     178   181         -3         -3  no change                
wiwi     8f008df7   real           183     183   186         -3         -3  no change                
Rally : consecutive net-crossing actions at frame 523 (attack). Missing same-side contact between them.
wiwi     0f82a711   synth          131     212   212        -81         +0  FIXED                    
wiwi     eb4c4b8e   real           190     226   232        -42         -6  FIXED                    
wiwi     682130d2   real           240     240   241         -1         -1  no change                
wuwu     37e14e1e   real           157     157   158         -1         -1  no change                
wuwu     fb7f9c23   synth          276     158   154       +122         +4  FIXED                    
wuwu     99a01ce4   real           168     168   161         +7         +7  no change                
wuwu     5e8af221   synth          184     159   157        +27         +2  FIXED                    
yeye     9dbe457a   synth          161     435   168         -7       +267  REGRESSION               
wawa     7094136a   synth           83      -1    49        +34        -50  no change                
wawa     8c49e480   synth          504      -1   101       +403       -102  no change                
wawa     fb6e37bf   real           352      -1   210       +142       -211  no change                
wawa     7f0f540a   synth          249      -1   197        +52       -198  no change                
wawa     06c13117   real           184      -1   182         +2       -183  REGRESSION               
cucu     70e5834b   real            81      81    83         -2         -2  no change                
cucu     7d5fbfb2   real            99      -1    98         +1        -99  REGRESSION               
cucu     24d00889   real            86      -1    86         +0        -87  REGRESSION               
cucu     7265f3ea   real            88      -1    88         +0        -89  REGRESSION               
cucu     7063ea7b   real            91      -1    92         -1        -93  REGRESSION               
cucu     9e3ff9fe   real           117      -1   119         -2       -120  REGRESSION               
cucu     47379221   real           116      -1    86        +30        -87  no change                
toto     fcc5dcba   synth           16      39    53        -37        -14  FIXED                    
toto     d24901dd   synth            1      43    40        -39         +3  FIXED                    
toto     e5a1da4f   real            77      70    77         +0         -7  no change                
toto     66921886   real            76      74    74         +2         +0  no change                
Rally : >3 contacts on far side (contact #4 at frame 682). Possible missed net crossing or wrong court_side.
Rally : >3 contacts on far side (contact #5 at frame 712). Possible missed net crossing or wrong court_side.
toto     248aaf83   synth           14      59    60        -46         -1  FIXED                    
roro     e35ccb8f   real           145     142   147         -2         -5  no change                
roro     75886ef9   real           156     156   158         -2         -2  no change                
roro     2b7cf325   synth          126      81   125         +1        -44  REGRESSION               
roro     1a6e05d5   real           145     144   146         -1         -2  no change                
roro     c9fb06b6   real            65      69    70         -5         -1  no change                
papa     36130cbc   synth           26      33    40        -14         -7  no change                
papa     89c53e08   real            84      84    85         -1         -1  no change                
papa     047c5e5f   synth           69      55    44        +25        +11  FIXED                    
papa     8e1e5e61   synth           71      56    62         +9         -6  no change                
papa     1eac2bd6   synth           63      62    57         +6         +5  no change                
Rally : >3 contacts on far side (contact #4 at frame 475). Possible missed net crossing or wrong court_side.
mama     87ce7bff   real            34      34    34         +0         +0  no change                
Rally : >3 contacts on near side (contact #4 at frame 186). Possible missed net crossing or wrong court_side.
mama     696e302a   real            65      65    64         +1         +1  no change                
mama     b7f92cdc   synth           62      88    80        -18         +8  FIXED                    
mama     7c7f0ba3   real            78      78    85         -7         -7  no change                
mechi    618002a8   synth            2      67    49        -47        +18  no change                
mechi    c56d4b01   real            55     116    55         +0        +61  REGRESSION               
match    6c147b7a   synth            3      62    62        -59         +0  FIXED                    
Rally : >3 contacts on near side (contact #4 at frame 205). Possible missed net crossing or wrong court_side.
Rally : >3 contacts on near side (contact #5 at frame 246). Possible missed net crossing or wrong court_side.
match    e3348468   real            59      59    62         -3         -3  no change                
Rally : >3 contacts on near side (contact #4 at frame 473). Possible missed net crossing or wrong court_side.
mochi    5d35c3bf   real            88      84    86         +2         -2  no change                
mochi    ac39ca88   real            74      62    64        +10         -2  no change                
Rally : consecutive net-crossing actions at frame 269 (attack). Missing same-side contact between them.
mochi    39139435   real            73      73    75         -2         -2  no change                
mochi    675413bb   real            39      65    66        -27         -1  FIXED                    
mochi    89ac798c   real            82      82    86         -4         -4  no change                
mochi    7d9fde90   real            81      81    84         -3         -3  no change                
Rally : >3 contacts on far side (contact #4 at frame 150). Possible missed net crossing or wrong court_side.
Rally : consecutive net-crossing actions at frame 185 (attack). Missing same-side contact between them.
cuco     ba7c42c5   real            37      37    18        +19        +19  no change                
cuco     d0d64de1   synth            0      44    37        -37         +7  FIXED                    
cuco     f127f3d5   real            84      84    85         -1         -1  no change                
cuco     d2995693   real           120     120   121         -1         -1  no change                
cuco     106e295e   real            84      84    85         -1         -1  no change                
vivi     0e6d2151   real           103     103   108         -5         -5  no change                
vivi     6d2e3df2   synth          224     182   180        +44         +2  FIXED                    
Rally : >3 contacts on near side (contact #4 at frame 529). Possible missed net crossing or wrong court_side.
vivi     1f09287f   synth           52      62    46         +6        +16  REGRESSION               
vava     9db9cb6b   real            60      56    61         -1         -5  no change                
vava     5f32d512   real            64      63    66         -2         -3  no change                
vava     6560f8a3   real            40      40    40         +0         +0  no change                
vava     64896fac   real            61      61    62         -1         -1  no change                
vuvu     86c9106d   synth          215     139    91       +124        +48  no change                
vuvu     2391489e   synth          215     238    80       +135       +158  no change                
vuvu     4549a879   synth          119      90    87        +32         +3  FIXED                    
vuvu     499c4ec8   synth          153     118   121        +32         -3  FIXED                    
mumu     4c993a75   real            61      61    61         +0         +0  no change                
Rally : >3 contacts on near side (contact #4 at frame 186). Possible missed net crossing or wrong court_side.
mumu     9c1c438b   real            54      54    56         -2         -2  no change                
Rally : >3 contacts on near side (contact #4 at frame 195). Possible missed net crossing or wrong court_side.
mumu     f373c7c1   real            70      70    66         +4         +4  no change                
mumu     e7020bac   real            50      50    50         +0         +0  no change                
mumu     b96331f2   synth           32      74    72        -40         +2  FIXED                    
riri     ef32c552   synth           95     120   127        -32         -7  FIXED                    
riri     9d443de0   real           108     109   109         -1         +0  no change                
riri     bc15bf77   real           126     124   129         -3         -5  no change                
riri     53ca3586   real           113     113   111         +2         +2  no change                
riri     de7136d1   synth          102     104   105         -3         -1  no change                
riri     8de78319   real           103     103   103         +0         +0  no change                
riri     c079b2be   synth          126     130   126         +0         +4  no change                
riri     f99f99f7   synth          115     114   113         +2         +1  no change                
riri     9e1c8911   synth          100      88   131        -31        -43  no change                
riri     bb6ca329   synth          117     123   116         +1         +7  no change                
Rally : >3 contacts on near side (contact #4 at frame 352). Possible missed net crossing or wrong court_side.
mech     fad29c31   synth            1      51    53        -52         -2  FIXED                    
mech     3391198d   real            51      64    57         -6         +7  no change                
Rally : >3 contacts on near side (contact #4 at frame 208). Possible missed net crossing or wrong court_side.
Rally : >3 contacts on near side (contact #5 at frame 252). Possible missed net crossing or wrong court_side.
mech     b9b93b87   real            48      48    48         +0         +0  no change                
Rally : consecutive net-crossing actions at frame 276 (attack). Missing same-side contact between them.
mech     6d5e04f4   synth           24      50    46        -22         +4  FIXED                    
mech     0a95a5e8   real            57      55    57         +0         -2  no change                
Rally : >3 contacts on far side (contact #4 at frame 605). Possible missed net crossing or wrong court_side.
Rally : >3 contacts on far side (contact #5 at frame 699). Possible missed net crossing or wrong court_side.
yiyi     4b7ad71f   synth          164     104    95        +69         +9  FIXED                    
yiyi     eaaa5305   synth          128      87    88        +40         -1  FIXED                    
macho    5e2e58fb   real            36      36    43         -7         -7  no change                
macho    c094b07f   real            35      35    40         -5         -5  no change                
----------------------------------------------------------------------------------------------------
Synthetic: 44/95 -> 67/95 hits
Real:      194/218 -> 182/218 hits
Total fixed: +23 synth, -12 real
