$ uv run rallycut reattribute-actions 84e66e74-8d4f-420a-ad01-0ada95153ad0

Re-attributing actions for video 84e66e74...
  21 rallies with match teams, 21 eligible for re-attribution (conf >= 0.70)
  793625cd: no changes (teams stamped)
  ce316bb4: no changes (teams stamped)
  6a467cf6: no changes (teams stamped)
  c46ec7a6: no changes (teams stamped)
  276985b8: no changes (teams stamped)
  a80db496: no changes (teams stamped)
  1ab7fe05: no changes (teams stamped)
  5bdb67a1: no changes (teams stamped)
  2eeb3ae6: no changes (teams stamped)
  61bb1e1c: no changes (teams stamped)
  b28dcbf1: no changes (teams stamped)
  682f2267: no changes (teams stamped)
  533bcdd5: no changes (teams stamped)
  311f75b4: no changes (teams stamped)
  cce8c015: no changes (teams stamped)
  eecb04d1: no changes (teams stamped)
  9666105f: no changes (teams stamped)
  f04d09bc: no changes (teams stamped)
  f18578b6: no changes (teams stamped)
  d6c4322d: no changes (teams stamped)
  1126ab99: no changes (teams stamped)
  Team localization: 21 rallies, Viterbi fallback: 0, label_a=0, 3 serving_team 
changes

  Total: 0/132 actions re-attributed across 21 rallies
  Updated 21 player tracks in DB
  Viterbi serving_team: 3 changed / 21 stamped
