[pose-audit] Loading corpus: /Users/mario/Personal/Projects/RallyCut/analysis/outputs/action_errors/corpus_annotated.jsonl
[pose-audit] FN corpus rows (rejected_by_classifier): 151
[pose-audit] Loading rallies with action GT...
[pose-audit] Loaded 377 rallies in 6.7s
[pose-audit] [50/377] rallies processed, 262 GT contacts, 222 with keypoints, 40 pose-blind
[pose-audit] [100/377] rallies processed, 565 GT contacts, 473 with keypoints, 92 pose-blind
[pose-audit] [150/377] rallies processed, 787 GT contacts, 638 with keypoints, 149 pose-blind
[pose-audit] [200/377] rallies processed, 1077 GT contacts, 852 with keypoints, 225 pose-blind
[pose-audit] [250/377] rallies processed, 1399 GT contacts, 1065 with keypoints, 334 pose-blind
[pose-audit] [300/377] rallies processed, 1694 GT contacts, 1306 with keypoints, 388 pose-blind
[pose-audit] [350/377] rallies processed, 1974 GT contacts, 1552 with keypoints, 422 pose-blind
[pose-audit] [377/377] rallies processed, 2157 GT contacts, 1720 with keypoints, 437 pose-blind
[pose-audit] Wrote 2157 rows to /Users/mario/Personal/Projects/RallyCut/analysis/reports/pose_audit/pose_audit_rows.jsonl
[pose-audit] FN corpus 128-bucket recovered: 128 (expected ~128); pose-coverage 111/128 (17 pose-blind)
[pose-audit] FN corpus block-bucket recovered: 23
[pose-audit] FN by class (with-kpts/total):
    serve: 10/18
    receive: 22/25
    set: 13/15
    attack: 24/26
    dig: 42/44
[pose-audit] TP pool serve: 147 (of 147 available)
[pose-audit] TP pool receive: 206 (of 206 available)
[pose-audit] TP pool set: 300 (of 361 available)
[pose-audit] TP pool attack: 300 (of 491 available)
[pose-audit] TP pool dig: 239 (of 239 available)
[pose-audit] Wrote summary to /Users/mario/Personal/Projects/RallyCut/analysis/reports/pose_audit/pose_audit_summary.md

======================================================================
EARLY-EXIT GATE INPUT
======================================================================
Best AUC across all (class, feature) pairs: 0.735
  → wrist_velocity_max on set

Class       n_TP  n_FN  wrist_velocity  hand_ball_dist  arm_extension_  pose_confidenc  both_arms_rais
serve         147     10              0.615           0.573           0.630           0.562           0.531
receive       206     22              0.656           0.621           0.661           0.504           0.546
set           300     13              0.735           0.592           0.604           0.654           0.620
attack        300     24              0.587           0.645           0.663           0.502           0.668
dig           239     42              0.528           0.592           0.534           0.558           0.577

[GATE] best AUC ≥ 0.65 → PROCEED to Pass 3.
